<?xml version="1.0" encoding="UTF-8"?>
<export version="E">
  <design>
    <source>C:\Users\YiannisMichael\Documents\abom\tests\test-projects\test-project3\test-project3.kicad_sch</source>
    <date>2025-08-26T10:19:10+0100</date>
    <tool>Eeschema 9.0.4</tool>
    <sheet number="1" name="/" tstamps="/">
      <title_block>
        <title/>
        <company/>
        <rev/>
        <date/>
        <source>test-project3.kicad_sch</source>
        <comment number="1" value=""/>
        <comment number="2" value=""/>
        <comment number="3" value=""/>
        <comment number="4" value=""/>
        <comment number="5" value=""/>
        <comment number="6" value=""/>
        <comment number="7" value=""/>
        <comment number="8" value=""/>
        <comment number="9" value=""/>
      </title_block>
    </sheet>
  </design>
  <components>
    <comp ref="BT1">
      <value>Battery_Cell</value>
      <footprint>Battery:BatteryHolder_MYOUNG_BS-07-A1BJ001_CR2032</footprint>
      <datasheet>~</datasheet>
      <description>Single-cell battery</description>
      <fields>
        <field name="Test">Test</field>
        <field name="Footprint">Battery:BatteryHolder_MYOUNG_BS-07-A1BJ001_CR2032</field>
        <field name="Datasheet">~</field>
        <field name="Description">Single-cell battery</field>
      </fields>
      <libsource lib="Device" part="Battery_Cell" description="Single-cell battery"/>
      <property name="Test" value="Test"/>
      <property name="Sheetname" value="Root"/>
      <property name="Sheetfile" value="test-project3.kicad_sch"/>
      <property name="ki_keywords" value="battery cell"/>
      <sheetpath names="/" tstamps="/"/>
      <tstamps>3b79acb1-3443-4b33-9790-97a5f2eda79d</tstamps>
    </comp>
    <comp ref="D1">
      <value>White</value>
      <footprint>LED_SMD:LED_0805_2012Metric_Pad1.15x1.40mm_HandSolder</footprint>
      <datasheet>https://docs.broadcom.com/doc/HSMW-C170-U0000-DS100</datasheet>
      <description>Light emitting diode</description>
      <fields>
        <field name="Sim.Pins">1=K 2=A</field>
        <field name="MPN">HSMW-C170-U0000 </field>
        <field name="Rating"/>
        <field name="Test"/>
        <field name="Footprint">LED_SMD:LED_0805_2012Metric_Pad1.15x1.40mm_HandSolder</field>
        <field name="Datasheet">https://docs.broadcom.com/doc/HSMW-C170-U0000-DS100</field>
        <field name="Description">Light emitting diode</field>
      </fields>
      <libsource lib="Device" part="LED" description="Light emitting diode"/>
      <property name="Sim.Pins" value="1=K 2=A"/>
      <property name="MPN" value="HSMW-C170-U0000 "/>
      <property name="Rating" value=""/>
      <property name="Test" value=""/>
      <property name="Sheetname" value="Root"/>
      <property name="Sheetfile" value="test-project3.kicad_sch"/>
      <property name="ki_keywords" value="LED diode"/>
      <property name="ki_fp_filters" value="LED* LED_SMD:* LED_THT:*"/>
      <sheetpath names="/" tstamps="/"/>
      <tstamps>6ec5ec85-1d24-4b20-affa-47aa9c9ad209</tstamps>
    </comp>
    <comp ref="R1">
      <value>R</value>
      <footprint>Resistor_SMD:R_0805_2012Metric_Pad1.20x1.40mm_HandSolder</footprint>
      <datasheet>test data for datasheet</datasheet>
      <description>Resistor</description>
      <fields>
        <field name="MPN">Generic</field>
        <field name="Rating">0.25W</field>
        <field name="Test"/>
        <field name="Footprint">Resistor_SMD:R_0805_2012Metric_Pad1.20x1.40mm_HandSolder</field>
        <field name="Datasheet">test data for datasheet</field>
        <field name="Description">Resistor</field>
      </fields>
      <libsource lib="Device" part="R" description="Resistor"/>
      <property name="MPN" value="Generic"/>
      <property name="Rating" value="0.25W"/>
      <property name="Test" value=""/>
      <property name="Sheetname" value="Root"/>
      <property name="Sheetfile" value="test-project3.kicad_sch"/>
      <property name="ki_keywords" value="R res resistor"/>
      <property name="ki_fp_filters" value="R_*"/>
      <sheetpath names="/" tstamps="/"/>
      <tstamps>4fc8192a-31d5-4923-8e0c-461a70372898</tstamps>
    </comp>
  </components>
  <libparts>
    <libpart lib="Device" part="Battery_Cell">
      <description>Single-cell battery</description>
      <docs>~</docs>
      <fields>
        <field name="Reference">BT</field>
        <field name="Value">Battery_Cell</field>
        <field name="Footprint"/>
        <field name="Datasheet">~</field>
        <field name="Description">Single-cell battery</field>
      </fields>
      <pins>
        <pin num="1" name="+" type="passive"/>
        <pin num="2" name="-" type="passive"/>
      </pins>
    </libpart>
    <libpart lib="Device" part="LED">
      <description>Light emitting diode</description>
      <docs>~</docs>
      <footprints>
        <fp>LED*</fp>
        <fp>LED_SMD:*</fp>
        <fp>LED_THT:*</fp>
      </footprints>
      <fields>
        <field name="Reference">D</field>
        <field name="Value">LED</field>
        <field name="Footprint"/>
        <field name="Datasheet">~</field>
        <field name="Description">Light emitting diode</field>
        <field name="Sim.Pins">1=K 2=A</field>
      </fields>
      <pins>
        <pin num="1" name="K" type="passive"/>
        <pin num="2" name="A" type="passive"/>
      </pins>
    </libpart>
    <libpart lib="Device" part="R">
      <description>Resistor</description>
      <docs>~</docs>
      <footprints>
        <fp>R_*</fp>
      </footprints>
      <fields>
        <field name="Reference">R</field>
        <field name="Value">R</field>
        <field name="Footprint"/>
        <field name="Datasheet">~</field>
        <field name="Description">Resistor</field>
      </fields>
      <pins>
        <pin num="1" name="" type="passive"/>
        <pin num="2" name="" type="passive"/>
      </pins>
    </libpart>
  </libparts>
  <libraries>
    <library logical="Device">
      <uri>C:\Users\YiannisMichael\AppData\Local\Programs\KiCad\9.0\share\kicad\symbols\/Device.kicad_sym</uri>
    </library>
  </libraries>
  <nets>
    <net code="1" name="GND" class="Default">
      <node ref="BT1" pin="2" pinfunction="-" pintype="passive"/>
      <node ref="D1" pin="1" pinfunction="K" pintype="passive"/>
    </net>
    <net code="2" name="Net-(BT1-+)" class="Default">
      <node ref="BT1" pin="1" pinfunction="+" pintype="passive"/>
      <node ref="R1" pin="1" pintype="passive"/>
    </net>
    <net code="3" name="Net-(D1-A)" class="Default">
      <node ref="D1" pin="2" pinfunction="A" pintype="passive"/>
      <node ref="R1" pin="2" pintype="passive"/>
    </net>
  </nets>
</export>
