<?xml version="1.0" encoding="UTF-8"?>
<export version="E">
  <design>
    <source>C:\Users\YiannisMichael\Documents\abom\tests\test-projects\test-project1\test-project1.kicad_sch</source>
    <date>2025-08-12T17:14:39+0100</date>
    <tool>Eeschema 9.0.3</tool>
    <sheet number="1" name="/" tstamps="/">
      <title_block>
        <title>MAGE-CANBOB-002</title>
        <company/>
        <rev>1</rev>
        <date>2025-05-14</date>
        <source>test-project1.kicad_sch</source>
        <comment number="1" value="Yiannis Michael"/>
        <comment number="2" value="2025-05-14"/>
        <comment number="3" value="Chris Thomas"/>
        <comment number="4" value="2025-06-02"/>
        <comment number="5" value=""/>
        <comment number="6" value=""/>
        <comment number="7" value=""/>
        <comment number="8" value=""/>
        <comment number="9" value=""/>
      </title_block>
    </sheet>
    <sheet number="2" name="/ATMega/" tstamps="/2c362b39-39c4-4cc9-9f97-2b40fbc1b3b9/">
      <title_block>
        <title>MAGE-CANBOB-002</title>
        <company/>
        <rev>1</rev>
        <date>2025-05-14</date>
        <source>atmega.kicad_sch</source>
        <comment number="1" value="Yiannis Michael"/>
        <comment number="2" value="2025-05-14"/>
        <comment number="3" value="Chris Thomas"/>
        <comment number="4" value="2025-06-02"/>
        <comment number="5" value=""/>
        <comment number="6" value=""/>
        <comment number="7" value=""/>
        <comment number="8" value=""/>
        <comment number="9" value=""/>
      </title_block>
    </sheet>
    <sheet number="3" name="/CH340x/" tstamps="/2e9fac4e-b693-4e84-ab36-00d5df821c43/">
      <title_block>
        <title>MAGE-CANBOB-002</title>
        <company/>
        <rev>1</rev>
        <date>2025-05-14</date>
        <source>ch340x.kicad_sch</source>
        <comment number="1" value="Yiannis Michael"/>
        <comment number="2" value="2025-05-14"/>
        <comment number="3" value="Chris Thomas"/>
        <comment number="4" value="2025-06-02"/>
        <comment number="5" value=""/>
        <comment number="6" value=""/>
        <comment number="7" value=""/>
        <comment number="8" value=""/>
        <comment number="9" value=""/>
      </title_block>
    </sheet>
    <sheet number="4" name="/DPDT Switch/" tstamps="/fb3aabdf-f1c1-4872-b1ee-19d72c436a49/">
      <title_block>
        <title>MAGE-CANBOB-002</title>
        <company/>
        <rev>1</rev>
        <date>2025-05-14</date>
        <source>dpdt.kicad_sch</source>
        <comment number="1" value="Yiannis Michael"/>
        <comment number="2" value="2025-05-14"/>
        <comment number="3" value="Chris Thomas"/>
        <comment number="4" value="2025-06-02"/>
        <comment number="5" value=""/>
        <comment number="6" value=""/>
        <comment number="7" value=""/>
        <comment number="8" value=""/>
        <comment number="9" value=""/>
      </title_block>
    </sheet>
    <sheet number="5" name="/5V to 3V3 LDO/" tstamps="/bba081e5-678c-4c24-9053-d7bd5826a2b2/">
      <title_block>
        <title>MAGE-CANBOB-002</title>
        <company/>
        <rev>1</rev>
        <date>2025-05-14</date>
        <source>5v-3v3-ldo.kicad_sch</source>
        <comment number="1" value="Yiannis Michael"/>
        <comment number="2" value="2025-05-14"/>
        <comment number="3" value="Chris Thomas"/>
        <comment number="4" value="2025-06-02"/>
        <comment number="5" value=""/>
        <comment number="6" value=""/>
        <comment number="7" value=""/>
        <comment number="8" value=""/>
        <comment number="9" value=""/>
      </title_block>
    </sheet>
    <sheet number="6" name="/USB Connectors/" tstamps="/9c7136c6-4078-4232-ac83-45066eafe3ac/">
      <title_block>
        <title>MAGE-CANBOB-002</title>
        <company/>
        <rev>1</rev>
        <date>2025-05-14</date>
        <source>usb-connectors.kicad_sch</source>
        <comment number="1" value="Yiannis Michael"/>
        <comment number="2" value="2025-05-14"/>
        <comment number="3" value="Chris Thomas"/>
        <comment number="4" value="2025-06-02"/>
        <comment number="5" value=""/>
        <comment number="6" value=""/>
        <comment number="7" value=""/>
        <comment number="8" value=""/>
        <comment number="9" value=""/>
      </title_block>
    </sheet>
    <sheet number="7" name="/Analogue Switch/" tstamps="/45f5c0ae-1c64-4b06-a080-92bb555b56ab/">
      <title_block>
        <title>MAGE-CANBOB-002</title>
        <company/>
        <rev>1</rev>
        <date>2025-05-14</date>
        <source>analogue-switch.kicad_sch</source>
        <comment number="1" value="Yiannis Michael"/>
        <comment number="2" value="2025-05-14"/>
        <comment number="3" value="Chris Thomas"/>
        <comment number="4" value="2025-06-02"/>
        <comment number="5" value=""/>
        <comment number="6" value=""/>
        <comment number="7" value=""/>
        <comment number="8" value=""/>
        <comment number="9" value=""/>
      </title_block>
    </sheet>
    <sheet number="8" name="/MCP2515/" tstamps="/91d854d1-c9de-49bf-bae9-8595b050653a/">
      <title_block>
        <title>MAGE-CANBOB-002</title>
        <company/>
        <rev>1</rev>
        <date>2025-05-14</date>
        <source>mcp2515.kicad_sch</source>
        <comment number="1" value="Yiannis Michael"/>
        <comment number="2" value="2025-05-14"/>
        <comment number="3" value="Chris Thomas"/>
        <comment number="4" value="2025-06-02"/>
        <comment number="5" value=""/>
        <comment number="6" value=""/>
        <comment number="7" value=""/>
        <comment number="8" value=""/>
        <comment number="9" value=""/>
      </title_block>
    </sheet>
    <sheet number="9" name="/Output IDC Connector/" tstamps="/30b1eba1-7b77-41a4-a36e-d0e938042996/">
      <title_block>
        <title>MAGE-CANBOB-002</title>
        <company/>
        <rev>1</rev>
        <date>2025-05-14</date>
        <source>output-idc-connector.kicad_sch</source>
        <comment number="1" value="Yiannis Michael"/>
        <comment number="2" value="2025-05-14"/>
        <comment number="3" value="Chris Thomas"/>
        <comment number="4" value="2025-06-02"/>
        <comment number="5" value=""/>
        <comment number="6" value=""/>
        <comment number="7" value=""/>
        <comment number="8" value=""/>
        <comment number="9" value=""/>
      </title_block>
    </sheet>
    <sheet number="10" name="/ATA6561/" tstamps="/84213fca-4bde-4fcd-acda-a597b1e2581c/">
      <title_block>
        <title>MAGE-CANBOB-002</title>
        <company/>
        <rev>1</rev>
        <date>2025-05-14</date>
        <source>ata6561.kicad_sch</source>
        <comment number="1" value="Yiannis Michael"/>
        <comment number="2" value="2025-05-14"/>
        <comment number="3" value="Chris Thomas"/>
        <comment number="4" value="2025-06-02"/>
        <comment number="5" value=""/>
        <comment number="6" value=""/>
        <comment number="7" value=""/>
        <comment number="8" value=""/>
        <comment number="9" value=""/>
      </title_block>
    </sheet>
    <sheet number="11" name="/External MCU Connector/" tstamps="/e72b7f1d-cddb-4b3c-bce6-d73973b3a927/">
      <title_block>
        <title>MAGE-CANBOB-002</title>
        <company/>
        <rev>1</rev>
        <date>2025-05-14</date>
        <source>ext-mcu-conn.kicad_sch</source>
        <comment number="1" value="Yiannis Michael"/>
        <comment number="2" value="2025-05-14"/>
        <comment number="3" value="Chris Thomas"/>
        <comment number="4" value="2025-06-02"/>
        <comment number="5" value=""/>
        <comment number="6" value=""/>
        <comment number="7" value=""/>
        <comment number="8" value=""/>
        <comment number="9" value=""/>
      </title_block>
    </sheet>
  </design>
  <components>
    <comp ref="H1">
      <value>MountingHole</value>
      <footprint>MountingHole:MountingHole_3.2mm_M3</footprint>
      <datasheet>~</datasheet>
      <description>Mounting Hole without connection</description>
      <fields>
        <field name="Footprint">MountingHole:MountingHole_3.2mm_M3</field>
        <field name="Datasheet">~</field>
        <field name="Description">Mounting Hole without connection</field>
      </fields>
      <libsource lib="Mechanical" part="MountingHole" description="Mounting Hole without connection"/>
      <property name="Sheetname" value="Root"/>
      <property name="Sheetfile" value="test-project1.kicad_sch"/>
      <property name="exclude_from_bom"/>
      <property name="ki_keywords" value="mounting hole"/>
      <property name="ki_fp_filters" value="MountingHole*"/>
      <sheetpath names="/" tstamps="/"/>
      <tstamps>6857c677-a3e6-41c3-8ba6-155fe834f553</tstamps>
    </comp>
    <comp ref="H2">
      <value>MountingHole</value>
      <footprint>MountingHole:MountingHole_3.2mm_M3</footprint>
      <datasheet>~</datasheet>
      <description>Mounting Hole without connection</description>
      <fields>
        <field name="Footprint">MountingHole:MountingHole_3.2mm_M3</field>
        <field name="Datasheet">~</field>
        <field name="Description">Mounting Hole without connection</field>
      </fields>
      <libsource lib="Mechanical" part="MountingHole" description="Mounting Hole without connection"/>
      <property name="Sheetname" value="Root"/>
      <property name="Sheetfile" value="test-project1.kicad_sch"/>
      <property name="exclude_from_bom"/>
      <property name="ki_keywords" value="mounting hole"/>
      <property name="ki_fp_filters" value="MountingHole*"/>
      <sheetpath names="/" tstamps="/"/>
      <tstamps>1d773779-d2b5-475e-9777-f272fe76ef40</tstamps>
    </comp>
    <comp ref="H3">
      <value>MountingHole</value>
      <footprint>MountingHole:MountingHole_3.2mm_M3</footprint>
      <datasheet>~</datasheet>
      <description>Mounting Hole without connection</description>
      <fields>
        <field name="Footprint">MountingHole:MountingHole_3.2mm_M3</field>
        <field name="Datasheet">~</field>
        <field name="Description">Mounting Hole without connection</field>
      </fields>
      <libsource lib="Mechanical" part="MountingHole" description="Mounting Hole without connection"/>
      <property name="Sheetname" value="Root"/>
      <property name="Sheetfile" value="test-project1.kicad_sch"/>
      <property name="exclude_from_bom"/>
      <property name="ki_keywords" value="mounting hole"/>
      <property name="ki_fp_filters" value="MountingHole*"/>
      <sheetpath names="/" tstamps="/"/>
      <tstamps>e47c888d-1d64-4c12-a931-b59c158df8c6</tstamps>
    </comp>
    <comp ref="C1">
      <value>13p</value>
      <footprint>Capacitor_SMD:C_0603_1608Metric_Pad1.08x0.95mm_HandSolder</footprint>
      <datasheet>~</datasheet>
      <description>Unpolarized capacitor, small symbol</description>
      <fields>
        <field name="MPN">06035A130GAT2A</field>
        <field name="Rating">6V3</field>
        <field name="Footprint">Capacitor_SMD:C_0603_1608Metric_Pad1.08x0.95mm_HandSolder</field>
        <field name="Datasheet">~</field>
        <field name="Description">Unpolarized capacitor, small symbol</field>
      </fields>
      <libsource lib="Device" part="C_Small" description="Unpolarized capacitor, small symbol"/>
      <property name="MPN" value="06035A130GAT2A"/>
      <property name="Rating" value="6V3"/>
      <property name="Sheetname" value="ATMega"/>
      <property name="Sheetfile" value="test-project1 sheets/atmega.kicad_sch"/>
      <property name="ki_keywords" value="capacitor cap"/>
      <property name="ki_fp_filters" value="C_*"/>
      <sheetpath names="/ATMega/" tstamps="/2c362b39-39c4-4cc9-9f97-2b40fbc1b3b9/"/>
      <tstamps>e8743922-fc59-4ce0-a0ad-823fdf9ea50e</tstamps>
    </comp>
    <comp ref="C2">
      <value>13p</value>
      <footprint>Capacitor_SMD:C_0603_1608Metric_Pad1.08x0.95mm_HandSolder</footprint>
      <datasheet>~</datasheet>
      <description>Unpolarized capacitor, small symbol</description>
      <fields>
        <field name="MPN">06035A130GAT2A</field>
        <field name="Rating">6V3</field>
        <field name="Footprint">Capacitor_SMD:C_0603_1608Metric_Pad1.08x0.95mm_HandSolder</field>
        <field name="Datasheet">~</field>
        <field name="Description">Unpolarized capacitor, small symbol</field>
      </fields>
      <libsource lib="Device" part="C_Small" description="Unpolarized capacitor, small symbol"/>
      <property name="MPN" value="06035A130GAT2A"/>
      <property name="Rating" value="6V3"/>
      <property name="Sheetname" value="ATMega"/>
      <property name="Sheetfile" value="test-project1 sheets/atmega.kicad_sch"/>
      <property name="ki_keywords" value="capacitor cap"/>
      <property name="ki_fp_filters" value="C_*"/>
      <sheetpath names="/ATMega/" tstamps="/2c362b39-39c4-4cc9-9f97-2b40fbc1b3b9/"/>
      <tstamps>2e10c75a-c3f1-4c49-a760-504528165f7b</tstamps>
    </comp>
    <comp ref="C3">
      <value>10u</value>
      <footprint>Capacitor_SMD:C_0603_1608Metric_Pad1.08x0.95mm_HandSolder</footprint>
      <datasheet>~</datasheet>
      <description>Unpolarized capacitor, small symbol</description>
      <fields>
        <field name="Rating">6V3</field>
        <field name="MPN">Generic</field>
        <field name="Footprint">Capacitor_SMD:C_0603_1608Metric_Pad1.08x0.95mm_HandSolder</field>
        <field name="Datasheet">~</field>
        <field name="Description">Unpolarized capacitor, small symbol</field>
      </fields>
      <libsource lib="Device" part="C_Small" description="Unpolarized capacitor, small symbol"/>
      <property name="Rating" value="6V3"/>
      <property name="MPN" value="Generic"/>
      <property name="Sheetname" value="ATMega"/>
      <property name="Sheetfile" value="test-project1 sheets/atmega.kicad_sch"/>
      <property name="ki_keywords" value="capacitor cap"/>
      <property name="ki_fp_filters" value="C_*"/>
      <sheetpath names="/ATMega/" tstamps="/2c362b39-39c4-4cc9-9f97-2b40fbc1b3b9/"/>
      <tstamps>3b8baa96-645a-4f1f-bb22-aeaeb115961e</tstamps>
    </comp>
    <comp ref="C4">
      <value>1u</value>
      <footprint>Capacitor_SMD:C_0603_1608Metric_Pad1.08x0.95mm_HandSolder</footprint>
      <datasheet>~</datasheet>
      <description>Unpolarized capacitor, small symbol</description>
      <fields>
        <field name="Rating">6V3</field>
        <field name="MPN">Generic</field>
        <field name="Footprint">Capacitor_SMD:C_0603_1608Metric_Pad1.08x0.95mm_HandSolder</field>
        <field name="Datasheet">~</field>
        <field name="Description">Unpolarized capacitor, small symbol</field>
      </fields>
      <libsource lib="Device" part="C_Small" description="Unpolarized capacitor, small symbol"/>
      <property name="Rating" value="6V3"/>
      <property name="MPN" value="Generic"/>
      <property name="Sheetname" value="ATMega"/>
      <property name="Sheetfile" value="test-project1 sheets/atmega.kicad_sch"/>
      <property name="ki_keywords" value="capacitor cap"/>
      <property name="ki_fp_filters" value="C_*"/>
      <sheetpath names="/ATMega/" tstamps="/2c362b39-39c4-4cc9-9f97-2b40fbc1b3b9/"/>
      <tstamps>90273cba-852e-479c-8f77-6d92b39c9c12</tstamps>
    </comp>
    <comp ref="C5">
      <value>100n</value>
      <footprint>Capacitor_SMD:C_0603_1608Metric_Pad1.08x0.95mm_HandSolder</footprint>
      <datasheet>~</datasheet>
      <description>Unpolarized capacitor, small symbol</description>
      <fields>
        <field name="Rating">6V3</field>
        <field name="MPN">Generic</field>
        <field name="Footprint">Capacitor_SMD:C_0603_1608Metric_Pad1.08x0.95mm_HandSolder</field>
        <field name="Datasheet">~</field>
        <field name="Description">Unpolarized capacitor, small symbol</field>
      </fields>
      <libsource lib="Device" part="C_Small" description="Unpolarized capacitor, small symbol"/>
      <property name="Rating" value="6V3"/>
      <property name="MPN" value="Generic"/>
      <property name="Sheetname" value="ATMega"/>
      <property name="Sheetfile" value="test-project1 sheets/atmega.kicad_sch"/>
      <property name="ki_keywords" value="capacitor cap"/>
      <property name="ki_fp_filters" value="C_*"/>
      <sheetpath names="/ATMega/" tstamps="/2c362b39-39c4-4cc9-9f97-2b40fbc1b3b9/"/>
      <tstamps>4dd3c5bd-0e45-49f4-8e57-fd38900f452b</tstamps>
    </comp>
    <comp ref="C6">
      <value>100n</value>
      <footprint>Capacitor_SMD:C_0603_1608Metric_Pad1.08x0.95mm_HandSolder</footprint>
      <datasheet>~</datasheet>
      <description>Unpolarized capacitor, small symbol</description>
      <fields>
        <field name="Rating">6V3</field>
        <field name="MPN">Generic</field>
        <field name="Footprint">Capacitor_SMD:C_0603_1608Metric_Pad1.08x0.95mm_HandSolder</field>
        <field name="Datasheet">~</field>
        <field name="Description">Unpolarized capacitor, small symbol</field>
      </fields>
      <libsource lib="Device" part="C_Small" description="Unpolarized capacitor, small symbol"/>
      <property name="Rating" value="6V3"/>
      <property name="MPN" value="Generic"/>
      <property name="Sheetname" value="ATMega"/>
      <property name="Sheetfile" value="test-project1 sheets/atmega.kicad_sch"/>
      <property name="ki_keywords" value="capacitor cap"/>
      <property name="ki_fp_filters" value="C_*"/>
      <sheetpath names="/ATMega/" tstamps="/2c362b39-39c4-4cc9-9f97-2b40fbc1b3b9/"/>
      <tstamps>f263cda5-d1d2-475d-92ad-b2a6fcf10e83</tstamps>
    </comp>
    <comp ref="C7">
      <value>100n</value>
      <footprint>Capacitor_SMD:C_0603_1608Metric_Pad1.08x0.95mm_HandSolder</footprint>
      <datasheet>~</datasheet>
      <description>Unpolarized capacitor, small symbol</description>
      <fields>
        <field name="Rating">6V3</field>
        <field name="MPN">Generic</field>
        <field name="Footprint">Capacitor_SMD:C_0603_1608Metric_Pad1.08x0.95mm_HandSolder</field>
        <field name="Datasheet">~</field>
        <field name="Description">Unpolarized capacitor, small symbol</field>
      </fields>
      <libsource lib="Device" part="C_Small" description="Unpolarized capacitor, small symbol"/>
      <property name="Rating" value="6V3"/>
      <property name="MPN" value="Generic"/>
      <property name="Sheetname" value="ATMega"/>
      <property name="Sheetfile" value="test-project1 sheets/atmega.kicad_sch"/>
      <property name="ki_keywords" value="capacitor cap"/>
      <property name="ki_fp_filters" value="C_*"/>
      <sheetpath names="/ATMega/" tstamps="/2c362b39-39c4-4cc9-9f97-2b40fbc1b3b9/"/>
      <tstamps>66f0e081-0183-4183-a6ca-5947209504d3</tstamps>
    </comp>
    <comp ref="D1">
      <value>Red</value>
      <footprint>LED_SMD:LED_0805_2012Metric_Pad1.15x1.40mm_HandSolder</footprint>
      <datasheet>~</datasheet>
      <description>Light emitting diode</description>
      <fields>
        <field name="MPN">LS M676_P2R1_1_Z</field>
        <field name="Sim.Pins">1=K 2=A</field>
        <field name="Footprint">LED_SMD:LED_0805_2012Metric_Pad1.15x1.40mm_HandSolder</field>
        <field name="Datasheet">~</field>
        <field name="Description">Light emitting diode</field>
      </fields>
      <libsource lib="Device" part="LED" description="Light emitting diode"/>
      <property name="MPN" value="LS M676_P2R1_1_Z"/>
      <property name="Sim.Pins" value="1=K 2=A"/>
      <property name="Sheetname" value="ATMega"/>
      <property name="Sheetfile" value="test-project1 sheets/atmega.kicad_sch"/>
      <property name="ki_keywords" value="LED diode"/>
      <property name="ki_fp_filters" value="LED* LED_SMD:* LED_THT:*"/>
      <sheetpath names="/ATMega/" tstamps="/2c362b39-39c4-4cc9-9f97-2b40fbc1b3b9/"/>
      <tstamps>e106280d-ff3e-48d9-a23f-4418ad3aefb8</tstamps>
    </comp>
    <comp ref="J1">
      <value>Conn_02x05_Odd_Even</value>
      <footprint>Connector_IDC:IDC-Header_2x05_P2.54mm_Vertical</footprint>
      <datasheet>~</datasheet>
      <description>Generic connector, double row, 02x05, odd/even pin numbering scheme (row 1 odd numbers, row 2 even numbers), script generated (kicad-library-utils/schlib/autogen/connector/)</description>
      <fields>
        <field name="MPN">61201021621</field>
        <field name="Footprint">Connector_IDC:IDC-Header_2x05_P2.54mm_Vertical</field>
        <field name="Datasheet">~</field>
        <field name="Description">Generic connector, double row, 02x05, odd/even pin numbering scheme (row 1 odd numbers, row 2 even numbers), script generated (kicad-library-utils/schlib/autogen/connector/)</field>
      </fields>
      <libsource lib="Connector_Generic" part="Conn_02x05_Odd_Even" description="Generic connector, double row, 02x05, odd/even pin numbering scheme (row 1 odd numbers, row 2 even numbers), script generated (kicad-library-utils/schlib/autogen/connector/)"/>
      <property name="MPN" value="61201021621"/>
      <property name="Sheetname" value="ATMega"/>
      <property name="Sheetfile" value="test-project1 sheets/atmega.kicad_sch"/>
      <property name="ki_keywords" value="connector"/>
      <property name="ki_fp_filters" value="Connector*:*_2x??_*"/>
      <sheetpath names="/ATMega/" tstamps="/2c362b39-39c4-4cc9-9f97-2b40fbc1b3b9/"/>
      <tstamps>0f62f6d8-db67-4d4a-9619-5155ec8c4853</tstamps>
    </comp>
    <comp ref="R1">
      <value>330R</value>
      <footprint>Resistor_SMD:R_0603_1608Metric_Pad0.98x0.95mm_HandSolder</footprint>
      <datasheet>~</datasheet>
      <description>Resistor</description>
      <fields>
        <field name="MPN">Generic</field>
        <field name="Footprint">Resistor_SMD:R_0603_1608Metric_Pad0.98x0.95mm_HandSolder</field>
        <field name="Datasheet">~</field>
        <field name="Description">Resistor</field>
      </fields>
      <libsource lib="Device" part="R" description="Resistor"/>
      <property name="MPN" value="Generic"/>
      <property name="Sheetname" value="ATMega"/>
      <property name="Sheetfile" value="test-project1 sheets/atmega.kicad_sch"/>
      <property name="ki_keywords" value="R res resistor"/>
      <property name="ki_fp_filters" value="R_*"/>
      <sheetpath names="/ATMega/" tstamps="/2c362b39-39c4-4cc9-9f97-2b40fbc1b3b9/"/>
      <tstamps>671091a9-d1ac-4cfa-9d57-7508a8b85bbe</tstamps>
    </comp>
    <comp ref="R2">
      <value>10k</value>
      <footprint>Resistor_SMD:R_0603_1608Metric_Pad0.98x0.95mm_HandSolder</footprint>
      <datasheet>~</datasheet>
      <description>Resistor</description>
      <fields>
        <field name="MPN">Generic</field>
        <field name="Footprint">Resistor_SMD:R_0603_1608Metric_Pad0.98x0.95mm_HandSolder</field>
        <field name="Datasheet">~</field>
        <field name="Description">Resistor</field>
      </fields>
      <libsource lib="Device" part="R" description="Resistor"/>
      <property name="MPN" value="Generic"/>
      <property name="Sheetname" value="ATMega"/>
      <property name="Sheetfile" value="test-project1 sheets/atmega.kicad_sch"/>
      <property name="ki_keywords" value="R res resistor"/>
      <property name="ki_fp_filters" value="R_*"/>
      <sheetpath names="/ATMega/" tstamps="/2c362b39-39c4-4cc9-9f97-2b40fbc1b3b9/"/>
      <tstamps>994d795d-c32a-400b-9ffb-c892eff5f645</tstamps>
    </comp>
    <comp ref="R3">
      <value>4k7</value>
      <footprint>Resistor_SMD:R_0603_1608Metric_Pad0.98x0.95mm_HandSolder</footprint>
      <datasheet>~</datasheet>
      <description>Resistor</description>
      <fields>
        <field name="MPN">Generic</field>
        <field name="Footprint">Resistor_SMD:R_0603_1608Metric_Pad0.98x0.95mm_HandSolder</field>
        <field name="Datasheet">~</field>
        <field name="Description">Resistor</field>
      </fields>
      <libsource lib="Device" part="R" description="Resistor"/>
      <property name="MPN" value="Generic"/>
      <property name="Sheetname" value="ATMega"/>
      <property name="Sheetfile" value="test-project1 sheets/atmega.kicad_sch"/>
      <property name="dnp"/>
      <property name="ki_keywords" value="R res resistor"/>
      <property name="ki_fp_filters" value="R_*"/>
      <sheetpath names="/ATMega/" tstamps="/2c362b39-39c4-4cc9-9f97-2b40fbc1b3b9/"/>
      <tstamps>aac0b612-8d24-40ca-bb7c-f8cf9a2adf78</tstamps>
    </comp>
    <comp ref="R4">
      <value>4k7</value>
      <footprint>Resistor_SMD:R_0603_1608Metric_Pad0.98x0.95mm_HandSolder</footprint>
      <datasheet>~</datasheet>
      <description>Resistor</description>
      <fields>
        <field name="MPN">Generic</field>
        <field name="Footprint">Resistor_SMD:R_0603_1608Metric_Pad0.98x0.95mm_HandSolder</field>
        <field name="Datasheet">~</field>
        <field name="Description">Resistor</field>
      </fields>
      <libsource lib="Device" part="R" description="Resistor"/>
      <property name="MPN" value="Generic"/>
      <property name="Sheetname" value="ATMega"/>
      <property name="Sheetfile" value="test-project1 sheets/atmega.kicad_sch"/>
      <property name="dnp"/>
      <property name="ki_keywords" value="R res resistor"/>
      <property name="ki_fp_filters" value="R_*"/>
      <sheetpath names="/ATMega/" tstamps="/2c362b39-39c4-4cc9-9f97-2b40fbc1b3b9/"/>
      <tstamps>d4c97eaa-cc49-44c9-b69b-2f066f3dd773</tstamps>
    </comp>
    <comp ref="SW1">
      <value>SW_Push</value>
      <footprint>Button_Switch_SMD:SW_SPST_PTS645</footprint>
      <datasheet>~</datasheet>
      <description>Push button switch, generic, two pins</description>
      <fields>
        <field name="MPN">PTS645SM95SMTR92LFS</field>
        <field name="Footprint">Button_Switch_SMD:SW_SPST_PTS645</field>
        <field name="Datasheet">~</field>
        <field name="Description">Push button switch, generic, two pins</field>
      </fields>
      <libsource lib="Switch" part="SW_Push" description="Push button switch, generic, two pins"/>
      <property name="MPN" value="PTS645SM95SMTR92LFS"/>
      <property name="Sheetname" value="ATMega"/>
      <property name="Sheetfile" value="test-project1 sheets/atmega.kicad_sch"/>
      <property name="ki_keywords" value="switch normally-open pushbutton push-button"/>
      <sheetpath names="/ATMega/" tstamps="/2c362b39-39c4-4cc9-9f97-2b40fbc1b3b9/"/>
      <tstamps>3aff397c-6e6a-4aaf-ab55-3c21d222ba78</tstamps>
    </comp>
    <comp ref="TP1">
      <value>TestPoint_Small</value>
      <footprint>TestPoint:TestPoint_Pad_D1.5mm</footprint>
      <datasheet>~</datasheet>
      <description>test point</description>
      <fields>
        <field name="MPN">Generic</field>
        <field name="Footprint">TestPoint:TestPoint_Pad_D1.5mm</field>
        <field name="Datasheet">~</field>
        <field name="Description">test point</field>
      </fields>
      <libsource lib="Connector" part="TestPoint_Small" description="test point"/>
      <property name="MPN" value="Generic"/>
      <property name="Sheetname" value="ATMega"/>
      <property name="Sheetfile" value="test-project1 sheets/atmega.kicad_sch"/>
      <property name="ki_keywords" value="test point tp"/>
      <property name="ki_fp_filters" value="Pin* Test*"/>
      <sheetpath names="/ATMega/" tstamps="/2c362b39-39c4-4cc9-9f97-2b40fbc1b3b9/"/>
      <tstamps>b30ff20b-b437-4b3d-be24-5f5bc77dc3c3</tstamps>
    </comp>
    <comp ref="TP2">
      <value>TestPoint_Small</value>
      <footprint>TestPoint:TestPoint_Pad_D1.5mm</footprint>
      <datasheet>~</datasheet>
      <description>test point</description>
      <fields>
        <field name="MPN">Generic</field>
        <field name="Footprint">TestPoint:TestPoint_Pad_D1.5mm</field>
        <field name="Datasheet">~</field>
        <field name="Description">test point</field>
      </fields>
      <libsource lib="Connector" part="TestPoint_Small" description="test point"/>
      <property name="MPN" value="Generic"/>
      <property name="Sheetname" value="ATMega"/>
      <property name="Sheetfile" value="test-project1 sheets/atmega.kicad_sch"/>
      <property name="ki_keywords" value="test point tp"/>
      <property name="ki_fp_filters" value="Pin* Test*"/>
      <sheetpath names="/ATMega/" tstamps="/2c362b39-39c4-4cc9-9f97-2b40fbc1b3b9/"/>
      <tstamps>b24e565f-9283-45b1-9ff3-ac4aa98b2a62</tstamps>
    </comp>
    <comp ref="U1">
      <value>ATMEGA328PB_AUR</value>
      <footprint>Package_QFP:TQFP-32_7x7mm_P0.8mm</footprint>
      <datasheet>http://ww1.microchip.com/downloads/en/DeviceDoc/40001906C.pdf</datasheet>
      <description>20MHz, 32kB Flash, 2kB SRAM, 1kB EEPROM, TQFP-32</description>
      <fields>
        <field name="MPN">ATMEGA328PB_AUR</field>
        <field name="Footprint">Package_QFP:TQFP-32_7x7mm_P0.8mm</field>
        <field name="Datasheet">http://ww1.microchip.com/downloads/en/DeviceDoc/40001906C.pdf</field>
        <field name="Description">20MHz, 32kB Flash, 2kB SRAM, 1kB EEPROM, TQFP-32</field>
      </fields>
      <libsource lib="MCU_Microchip_ATmega" part="ATmega328PB-A" description="20MHz, 32kB Flash, 2kB SRAM, 1kB EEPROM, TQFP-32"/>
      <property name="MPN" value="ATMEGA328PB_AUR"/>
      <property name="Sheetname" value="ATMega"/>
      <property name="Sheetfile" value="test-project1 sheets/atmega.kicad_sch"/>
      <property name="ki_keywords" value="AVR 8bit Microcontroller MegaAVR"/>
      <property name="ki_fp_filters" value="TQFP*7x7mm*P0.8mm*"/>
      <sheetpath names="/ATMega/" tstamps="/2c362b39-39c4-4cc9-9f97-2b40fbc1b3b9/"/>
      <tstamps>8070f6d4-fe8e-4a47-9fcd-54c805330f8c</tstamps>
    </comp>
    <comp ref="Y1">
      <value>16 MHz</value>
      <footprint>Crystal:Crystal_SMD_5032-2Pin_5.0x3.2mm_HandSoldering</footprint>
      <datasheet>~</datasheet>
      <description>Two pin crystal</description>
      <fields>
        <field name="Rating"/>
        <field name="MPN">NX5032GA-16.000M-LN-CD-1</field>
        <field name="Footprint">Crystal:Crystal_SMD_5032-2Pin_5.0x3.2mm_HandSoldering</field>
        <field name="Datasheet">~</field>
        <field name="Description">Two pin crystal</field>
      </fields>
      <libsource lib="Device" part="Crystal" description="Two pin crystal"/>
      <property name="Rating" value=""/>
      <property name="MPN" value="NX5032GA-16.000M-LN-CD-1"/>
      <property name="Sheetname" value="ATMega"/>
      <property name="Sheetfile" value="test-project1 sheets/atmega.kicad_sch"/>
      <property name="ki_keywords" value="quartz ceramic resonator oscillator"/>
      <property name="ki_fp_filters" value="Crystal*"/>
      <sheetpath names="/ATMega/" tstamps="/2c362b39-39c4-4cc9-9f97-2b40fbc1b3b9/"/>
      <tstamps>af5ea4a3-0cd6-49e3-9484-62e1e6995877</tstamps>
    </comp>
    <comp ref="C8">
      <value>13p</value>
      <footprint>Capacitor_SMD:C_0603_1608Metric_Pad1.08x0.95mm_HandSolder</footprint>
      <datasheet>~</datasheet>
      <description>Unpolarized capacitor, small symbol</description>
      <fields>
        <field name="MPN">06035A130GAT2A</field>
        <field name="Rating">6V3</field>
        <field name="Footprint">Capacitor_SMD:C_0603_1608Metric_Pad1.08x0.95mm_HandSolder</field>
        <field name="Datasheet">~</field>
        <field name="Description">Unpolarized capacitor, small symbol</field>
      </fields>
      <libsource lib="Device" part="C_Small" description="Unpolarized capacitor, small symbol"/>
      <property name="MPN" value="06035A130GAT2A"/>
      <property name="Rating" value="6V3"/>
      <property name="Sheetname" value="CH340x"/>
      <property name="Sheetfile" value="test-project1 sheets/ch340x.kicad_sch"/>
      <property name="dnp"/>
      <property name="ki_keywords" value="capacitor cap"/>
      <property name="ki_fp_filters" value="C_*"/>
      <sheetpath names="/CH340x/" tstamps="/2e9fac4e-b693-4e84-ab36-00d5df821c43/"/>
      <tstamps>b67dcb91-499c-43b5-8508-1f0b647cbfe7</tstamps>
    </comp>
    <comp ref="C9">
      <value>13p</value>
      <footprint>Capacitor_SMD:C_0603_1608Metric_Pad1.08x0.95mm_HandSolder</footprint>
      <datasheet>~</datasheet>
      <description>Unpolarized capacitor, small symbol</description>
      <fields>
        <field name="MPN">06035A130GAT2A</field>
        <field name="Rating">6V3</field>
        <field name="Footprint">Capacitor_SMD:C_0603_1608Metric_Pad1.08x0.95mm_HandSolder</field>
        <field name="Datasheet">~</field>
        <field name="Description">Unpolarized capacitor, small symbol</field>
      </fields>
      <libsource lib="Device" part="C_Small" description="Unpolarized capacitor, small symbol"/>
      <property name="MPN" value="06035A130GAT2A"/>
      <property name="Rating" value="6V3"/>
      <property name="Sheetname" value="CH340x"/>
      <property name="Sheetfile" value="test-project1 sheets/ch340x.kicad_sch"/>
      <property name="dnp"/>
      <property name="ki_keywords" value="capacitor cap"/>
      <property name="ki_fp_filters" value="C_*"/>
      <sheetpath names="/CH340x/" tstamps="/2e9fac4e-b693-4e84-ab36-00d5df821c43/"/>
      <tstamps>4e200efd-0a5a-4a7c-9332-6bfd4f5f882d</tstamps>
    </comp>
    <comp ref="C10">
      <value>1u</value>
      <footprint>Capacitor_SMD:C_0603_1608Metric_Pad1.08x0.95mm_HandSolder</footprint>
      <datasheet>~</datasheet>
      <description>Unpolarized capacitor, small symbol</description>
      <fields>
        <field name="Rating">6V3</field>
        <field name="MPN">Generic</field>
        <field name="Footprint">Capacitor_SMD:C_0603_1608Metric_Pad1.08x0.95mm_HandSolder</field>
        <field name="Datasheet">~</field>
        <field name="Description">Unpolarized capacitor, small symbol</field>
      </fields>
      <libsource lib="Device" part="C_Small" description="Unpolarized capacitor, small symbol"/>
      <property name="Rating" value="6V3"/>
      <property name="MPN" value="Generic"/>
      <property name="Sheetname" value="CH340x"/>
      <property name="Sheetfile" value="test-project1 sheets/ch340x.kicad_sch"/>
      <property name="ki_keywords" value="capacitor cap"/>
      <property name="ki_fp_filters" value="C_*"/>
      <sheetpath names="/CH340x/" tstamps="/2e9fac4e-b693-4e84-ab36-00d5df821c43/"/>
      <tstamps>0b316ed4-8c00-4157-8764-af0f28d351ae</tstamps>
    </comp>
    <comp ref="TP3">
      <value>TestPoint_Small</value>
      <footprint>TestPoint:TestPoint_Pad_D1.5mm</footprint>
      <datasheet>~</datasheet>
      <description>test point</description>
      <fields>
        <field name="MPN">Generic</field>
        <field name="Footprint">TestPoint:TestPoint_Pad_D1.5mm</field>
        <field name="Datasheet">~</field>
        <field name="Description">test point</field>
      </fields>
      <libsource lib="Connector" part="TestPoint_Small" description="test point"/>
      <property name="MPN" value="Generic"/>
      <property name="Sheetname" value="CH340x"/>
      <property name="Sheetfile" value="test-project1 sheets/ch340x.kicad_sch"/>
      <property name="ki_keywords" value="test point tp"/>
      <property name="ki_fp_filters" value="Pin* Test*"/>
      <sheetpath names="/CH340x/" tstamps="/2e9fac4e-b693-4e84-ab36-00d5df821c43/"/>
      <tstamps>a3f3957b-db53-47b9-b6f7-56933dcf48a7</tstamps>
    </comp>
    <comp ref="TP4">
      <value>TestPoint_Small</value>
      <footprint>TestPoint:TestPoint_Pad_D1.5mm</footprint>
      <datasheet>~</datasheet>
      <description>test point</description>
      <fields>
        <field name="MPN">Generic</field>
        <field name="Footprint">TestPoint:TestPoint_Pad_D1.5mm</field>
        <field name="Datasheet">~</field>
        <field name="Description">test point</field>
      </fields>
      <libsource lib="Connector" part="TestPoint_Small" description="test point"/>
      <property name="MPN" value="Generic"/>
      <property name="Sheetname" value="CH340x"/>
      <property name="Sheetfile" value="test-project1 sheets/ch340x.kicad_sch"/>
      <property name="ki_keywords" value="test point tp"/>
      <property name="ki_fp_filters" value="Pin* Test*"/>
      <sheetpath names="/CH340x/" tstamps="/2e9fac4e-b693-4e84-ab36-00d5df821c43/"/>
      <tstamps>cde45639-373b-4ac1-aced-bb7acc2909b3</tstamps>
    </comp>
    <comp ref="TP5">
      <value>TestPoint_Small</value>
      <footprint>TestPoint:TestPoint_Pad_D1.5mm</footprint>
      <datasheet>~</datasheet>
      <description>test point</description>
      <fields>
        <field name="MPN">Generic</field>
        <field name="Footprint">TestPoint:TestPoint_Pad_D1.5mm</field>
        <field name="Datasheet">~</field>
        <field name="Description">test point</field>
      </fields>
      <libsource lib="Connector" part="TestPoint_Small" description="test point"/>
      <property name="MPN" value="Generic"/>
      <property name="Sheetname" value="CH340x"/>
      <property name="Sheetfile" value="test-project1 sheets/ch340x.kicad_sch"/>
      <property name="ki_keywords" value="test point tp"/>
      <property name="ki_fp_filters" value="Pin* Test*"/>
      <sheetpath names="/CH340x/" tstamps="/2e9fac4e-b693-4e84-ab36-00d5df821c43/"/>
      <tstamps>837d52c3-8536-4490-82a9-4f02ef3c98e4</tstamps>
    </comp>
    <comp ref="TP6">
      <value>TestPoint_Small</value>
      <footprint>TestPoint:TestPoint_Pad_D1.5mm</footprint>
      <datasheet>~</datasheet>
      <description>test point</description>
      <fields>
        <field name="MPN">Generic</field>
        <field name="Footprint">TestPoint:TestPoint_Pad_D1.5mm</field>
        <field name="Datasheet">~</field>
        <field name="Description">test point</field>
      </fields>
      <libsource lib="Connector" part="TestPoint_Small" description="test point"/>
      <property name="MPN" value="Generic"/>
      <property name="Sheetname" value="CH340x"/>
      <property name="Sheetfile" value="test-project1 sheets/ch340x.kicad_sch"/>
      <property name="ki_keywords" value="test point tp"/>
      <property name="ki_fp_filters" value="Pin* Test*"/>
      <sheetpath names="/CH340x/" tstamps="/2e9fac4e-b693-4e84-ab36-00d5df821c43/"/>
      <tstamps>4423da44-0d0a-4c7c-b75e-457ffa9f8dd7</tstamps>
    </comp>
    <comp ref="U2">
      <value>CH340x</value>
      <footprint>Package_SO:SOIC-16_3.9x9.9mm_P1.27mm</footprint>
      <datasheet>http://www.datasheet5.com/pdf-local-2195953</datasheet>
      <description>USB serial converter, UART, SOIC-16</description>
      <fields>
        <field name="MPN">CH340C</field>
        <field name="Footprint">Package_SO:SOIC-16_3.9x9.9mm_P1.27mm</field>
        <field name="Datasheet">http://www.datasheet5.com/pdf-local-2195953</field>
        <field name="Description">USB serial converter, UART, SOIC-16</field>
      </fields>
      <libsource lib="Interface_USB" part="CH340G" description="USB serial converter, UART, SOIC-16"/>
      <property name="MPN" value="CH340C"/>
      <property name="Sheetname" value="CH340x"/>
      <property name="Sheetfile" value="test-project1 sheets/ch340x.kicad_sch"/>
      <property name="ki_keywords" value="USB UART Serial Converter Interface"/>
      <property name="ki_fp_filters" value="SOIC*3.9x9.9mm*P1.27mm*"/>
      <sheetpath names="/CH340x/" tstamps="/2e9fac4e-b693-4e84-ab36-00d5df821c43/"/>
      <tstamps>6f5174f9-58b6-44f4-8402-a4821f4e2166</tstamps>
    </comp>
    <comp ref="Y2">
      <value>12 MHz</value>
      <footprint>Crystal:Crystal_SMD_5032-2Pin_5.0x3.2mm_HandSoldering</footprint>
      <datasheet>~</datasheet>
      <description>Two pin crystal</description>
      <fields>
        <field name="MPN">NX5032GA-12.000M-LN-CD-1</field>
        <field name="Rating"/>
        <field name="Footprint">Crystal:Crystal_SMD_5032-2Pin_5.0x3.2mm_HandSoldering</field>
        <field name="Datasheet">~</field>
        <field name="Description">Two pin crystal</field>
      </fields>
      <libsource lib="Device" part="Crystal" description="Two pin crystal"/>
      <property name="MPN" value="NX5032GA-12.000M-LN-CD-1"/>
      <property name="Rating" value=""/>
      <property name="Sheetname" value="CH340x"/>
      <property name="Sheetfile" value="test-project1 sheets/ch340x.kicad_sch"/>
      <property name="dnp"/>
      <property name="ki_keywords" value="quartz ceramic resonator oscillator"/>
      <property name="ki_fp_filters" value="Crystal*"/>
      <sheetpath names="/CH340x/" tstamps="/2e9fac4e-b693-4e84-ab36-00d5df821c43/"/>
      <tstamps>e55977b9-240d-4f4c-8eaf-2f4ec7697d58</tstamps>
    </comp>
    <comp ref="C20">
      <value>2u2</value>
      <footprint>Capacitor_SMD:C_0603_1608Metric_Pad1.08x0.95mm_HandSolder</footprint>
      <datasheet>~</datasheet>
      <description>Unpolarized capacitor, small symbol</description>
      <fields>
        <field name="MPN">Generic</field>
        <field name="Rating">10V</field>
        <field name="Footprint">Capacitor_SMD:C_0603_1608Metric_Pad1.08x0.95mm_HandSolder</field>
        <field name="Datasheet">~</field>
        <field name="Description">Unpolarized capacitor, small symbol</field>
      </fields>
      <libsource lib="Device" part="C_Small" description="Unpolarized capacitor, small symbol"/>
      <property name="MPN" value="Generic"/>
      <property name="Rating" value="10V"/>
      <property name="Sheetname" value="DPDT Switch"/>
      <property name="Sheetfile" value="test-project1 sheets/dpdt.kicad_sch"/>
      <property name="ki_keywords" value="capacitor cap"/>
      <property name="ki_fp_filters" value="C_*"/>
      <sheetpath names="/DPDT Switch/" tstamps="/fb3aabdf-f1c1-4872-b1ee-19d72c436a49/"/>
      <tstamps>3a2df762-e481-4382-877a-705fabdb26cc</tstamps>
    </comp>
    <comp ref="JP1">
      <value>Jumper_2_Small_Open</value>
      <footprint>Connector_PinHeader_2.54mm:PinHeader_1x02_P2.54mm_Vertical</footprint>
      <datasheet>~</datasheet>
      <description>Jumper, 2-pole, small symbol, open</description>
      <fields>
        <field name="MPN">Generic</field>
        <field name="Footprint">Connector_PinHeader_2.54mm:PinHeader_1x02_P2.54mm_Vertical</field>
        <field name="Datasheet">~</field>
        <field name="Description">Jumper, 2-pole, small symbol, open</field>
      </fields>
      <libsource lib="Jumper" part="Jumper_2_Small_Open" description="Jumper, 2-pole, small symbol, open"/>
      <property name="MPN" value="Generic"/>
      <property name="Sheetname" value="DPDT Switch"/>
      <property name="Sheetfile" value="test-project1 sheets/dpdt.kicad_sch"/>
      <property name="ki_keywords" value="Jumper SPST"/>
      <property name="ki_fp_filters" value="Jumper* TestPoint*2Pads* TestPoint*Bridge*"/>
      <sheetpath names="/DPDT Switch/" tstamps="/fb3aabdf-f1c1-4872-b1ee-19d72c436a49/"/>
      <tstamps>bcbf1204-0867-4965-93d8-7d11619c8c2e</tstamps>
    </comp>
    <comp ref="SW2">
      <value>SW_Slide_DPDT</value>
      <footprint>Button_Switch_THT:SW_CK_JS202011AQN_DPDT_Angled</footprint>
      <datasheet>~</datasheet>
      <description>Slide Switch, dual pole double throw</description>
      <fields>
        <field name="MPN">JS202011AQN</field>
        <field name="Footprint">Button_Switch_THT:SW_CK_JS202011AQN_DPDT_Angled</field>
        <field name="Datasheet">~</field>
        <field name="Description">Slide Switch, dual pole double throw</field>
      </fields>
      <libsource lib="Switch" part="SW_Slide_DPDT" description="Slide Switch, dual pole double throw"/>
      <property name="MPN" value="JS202011AQN"/>
      <property name="Sheetname" value="DPDT Switch"/>
      <property name="Sheetfile" value="test-project1 sheets/dpdt.kicad_sch"/>
      <property name="ki_keywords" value="switch dual-pole double-throw dpdt ON-ON"/>
      <sheetpath names="/DPDT Switch/" tstamps="/fb3aabdf-f1c1-4872-b1ee-19d72c436a49/"/>
      <tstamps>edc04bc8-e934-41ee-a9d2-1163fbcde672</tstamps>
    </comp>
    <comp ref="TP7">
      <value>TestPoint_Small</value>
      <footprint>TestPoint:TestPoint_Pad_D1.5mm</footprint>
      <datasheet>~</datasheet>
      <description>test point</description>
      <fields>
        <field name="MPN">Generic</field>
        <field name="Footprint">TestPoint:TestPoint_Pad_D1.5mm</field>
        <field name="Datasheet">~</field>
        <field name="Description">test point</field>
      </fields>
      <libsource lib="Connector" part="TestPoint_Small" description="test point"/>
      <property name="MPN" value="Generic"/>
      <property name="Sheetname" value="DPDT Switch"/>
      <property name="Sheetfile" value="test-project1 sheets/dpdt.kicad_sch"/>
      <property name="ki_keywords" value="test point tp"/>
      <property name="ki_fp_filters" value="Pin* Test*"/>
      <sheetpath names="/DPDT Switch/" tstamps="/fb3aabdf-f1c1-4872-b1ee-19d72c436a49/"/>
      <tstamps>3a7ca3e6-5cb9-466d-9655-b22cc79e1a24</tstamps>
    </comp>
    <comp ref="C11">
      <value>1u</value>
      <footprint>Capacitor_SMD:C_0603_1608Metric_Pad1.08x0.95mm_HandSolder</footprint>
      <datasheet>~</datasheet>
      <description>Unpolarized capacitor, small symbol</description>
      <fields>
        <field name="MPN">Generic</field>
        <field name="Rating">6V3</field>
        <field name="Footprint">Capacitor_SMD:C_0603_1608Metric_Pad1.08x0.95mm_HandSolder</field>
        <field name="Datasheet">~</field>
        <field name="Description">Unpolarized capacitor, small symbol</field>
      </fields>
      <libsource lib="Device" part="C_Small" description="Unpolarized capacitor, small symbol"/>
      <property name="MPN" value="Generic"/>
      <property name="Rating" value="6V3"/>
      <property name="Sheetname" value="5V to 3V3 LDO"/>
      <property name="Sheetfile" value="test-project1 sheets/5v-3v3-ldo.kicad_sch"/>
      <property name="ki_keywords" value="capacitor cap"/>
      <property name="ki_fp_filters" value="C_*"/>
      <sheetpath names="/5V to 3V3 LDO/" tstamps="/bba081e5-678c-4c24-9053-d7bd5826a2b2/"/>
      <tstamps>eca32970-e7e5-4c73-88f6-417178b3cc86</tstamps>
    </comp>
    <comp ref="C12">
      <value>2u2</value>
      <footprint>Capacitor_SMD:C_0603_1608Metric_Pad1.08x0.95mm_HandSolder</footprint>
      <datasheet>~</datasheet>
      <description>Unpolarized capacitor, small symbol</description>
      <fields>
        <field name="MPN">Generic</field>
        <field name="Rating">10V</field>
        <field name="Footprint">Capacitor_SMD:C_0603_1608Metric_Pad1.08x0.95mm_HandSolder</field>
        <field name="Datasheet">~</field>
        <field name="Description">Unpolarized capacitor, small symbol</field>
      </fields>
      <libsource lib="Device" part="C_Small" description="Unpolarized capacitor, small symbol"/>
      <property name="MPN" value="Generic"/>
      <property name="Rating" value="10V"/>
      <property name="Sheetname" value="5V to 3V3 LDO"/>
      <property name="Sheetfile" value="test-project1 sheets/5v-3v3-ldo.kicad_sch"/>
      <property name="ki_keywords" value="capacitor cap"/>
      <property name="ki_fp_filters" value="C_*"/>
      <sheetpath names="/5V to 3V3 LDO/" tstamps="/bba081e5-678c-4c24-9053-d7bd5826a2b2/"/>
      <tstamps>6697fcde-554a-4653-9b09-7e0716875b40</tstamps>
    </comp>
    <comp ref="D2">
      <value>Red</value>
      <footprint>LED_SMD:LED_0805_2012Metric_Pad1.15x1.40mm_HandSolder</footprint>
      <datasheet>~</datasheet>
      <description>Light emitting diode</description>
      <fields>
        <field name="MPN">LS M676_P2R1_1_Z</field>
        <field name="Sim.Pins">1=K 2=A</field>
        <field name="Footprint">LED_SMD:LED_0805_2012Metric_Pad1.15x1.40mm_HandSolder</field>
        <field name="Datasheet">~</field>
        <field name="Description">Light emitting diode</field>
      </fields>
      <libsource lib="Device" part="LED" description="Light emitting diode"/>
      <property name="MPN" value="LS M676_P2R1_1_Z"/>
      <property name="Sim.Pins" value="1=K 2=A"/>
      <property name="Sheetname" value="5V to 3V3 LDO"/>
      <property name="Sheetfile" value="test-project1 sheets/5v-3v3-ldo.kicad_sch"/>
      <property name="ki_keywords" value="LED diode"/>
      <property name="ki_fp_filters" value="LED* LED_SMD:* LED_THT:*"/>
      <sheetpath names="/5V to 3V3 LDO/" tstamps="/bba081e5-678c-4c24-9053-d7bd5826a2b2/"/>
      <tstamps>ad3f67c1-ea88-4776-8f47-3e050a94b87d</tstamps>
    </comp>
    <comp ref="D3">
      <value>Red</value>
      <footprint>LED_SMD:LED_0805_2012Metric_Pad1.15x1.40mm_HandSolder</footprint>
      <datasheet>~</datasheet>
      <description>Light emitting diode</description>
      <fields>
        <field name="MPN">LS M676_P2R1_1_Z</field>
        <field name="Sim.Pins">1=K 2=A</field>
        <field name="Footprint">LED_SMD:LED_0805_2012Metric_Pad1.15x1.40mm_HandSolder</field>
        <field name="Datasheet">~</field>
        <field name="Description">Light emitting diode</field>
      </fields>
      <libsource lib="Device" part="LED" description="Light emitting diode"/>
      <property name="MPN" value="LS M676_P2R1_1_Z"/>
      <property name="Sim.Pins" value="1=K 2=A"/>
      <property name="Sheetname" value="5V to 3V3 LDO"/>
      <property name="Sheetfile" value="test-project1 sheets/5v-3v3-ldo.kicad_sch"/>
      <property name="ki_keywords" value="LED diode"/>
      <property name="ki_fp_filters" value="LED* LED_SMD:* LED_THT:*"/>
      <sheetpath names="/5V to 3V3 LDO/" tstamps="/bba081e5-678c-4c24-9053-d7bd5826a2b2/"/>
      <tstamps>018e196d-b553-4d7e-8d3d-3dd4503d368f</tstamps>
    </comp>
    <comp ref="R5">
      <value>910R</value>
      <footprint>Resistor_SMD:R_0603_1608Metric_Pad0.98x0.95mm_HandSolder</footprint>
      <datasheet>~</datasheet>
      <description>Resistor</description>
      <fields>
        <field name="MPN">Generic</field>
        <field name="Footprint">Resistor_SMD:R_0603_1608Metric_Pad0.98x0.95mm_HandSolder</field>
        <field name="Datasheet">~</field>
        <field name="Description">Resistor</field>
      </fields>
      <libsource lib="Device" part="R" description="Resistor"/>
      <property name="MPN" value="Generic"/>
      <property name="Sheetname" value="5V to 3V3 LDO"/>
      <property name="Sheetfile" value="test-project1 sheets/5v-3v3-ldo.kicad_sch"/>
      <property name="ki_keywords" value="R res resistor"/>
      <property name="ki_fp_filters" value="R_*"/>
      <sheetpath names="/5V to 3V3 LDO/" tstamps="/bba081e5-678c-4c24-9053-d7bd5826a2b2/"/>
      <tstamps>eec4095e-49d0-4837-adde-7c65bb5bc442</tstamps>
    </comp>
    <comp ref="R6">
      <value>330R</value>
      <footprint>Resistor_SMD:R_0603_1608Metric_Pad0.98x0.95mm_HandSolder</footprint>
      <datasheet>~</datasheet>
      <description>Resistor</description>
      <fields>
        <field name="MPN">Generic</field>
        <field name="Footprint">Resistor_SMD:R_0603_1608Metric_Pad0.98x0.95mm_HandSolder</field>
        <field name="Datasheet">~</field>
        <field name="Description">Resistor</field>
      </fields>
      <libsource lib="Device" part="R" description="Resistor"/>
      <property name="MPN" value="Generic"/>
      <property name="Sheetname" value="5V to 3V3 LDO"/>
      <property name="Sheetfile" value="test-project1 sheets/5v-3v3-ldo.kicad_sch"/>
      <property name="ki_keywords" value="R res resistor"/>
      <property name="ki_fp_filters" value="R_*"/>
      <sheetpath names="/5V to 3V3 LDO/" tstamps="/bba081e5-678c-4c24-9053-d7bd5826a2b2/"/>
      <tstamps>1a9329ae-ecc6-40f2-b3d4-6f8564069679</tstamps>
    </comp>
    <comp ref="TP8">
      <value>TestPoint_Small</value>
      <footprint>TestPoint:TestPoint_Pad_D1.5mm</footprint>
      <datasheet>~</datasheet>
      <description>test point</description>
      <fields>
        <field name="Created">Darius Nikiperavicius, 24/02/2025</field>
        <field name="Checked">Chris Thomas, 25/02/2025</field>
        <field name="MPN">Generic</field>
        <field name="Footprint">TestPoint:TestPoint_Pad_D1.5mm</field>
        <field name="Datasheet">~</field>
        <field name="Description">test point</field>
      </fields>
      <libsource lib="Connector" part="TestPoint_Small" description="test point"/>
      <property name="Created" value="Darius Nikiperavicius, 24/02/2025"/>
      <property name="Checked" value="Chris Thomas, 25/02/2025"/>
      <property name="MPN" value="Generic"/>
      <property name="Sheetname" value="5V to 3V3 LDO"/>
      <property name="Sheetfile" value="test-project1 sheets/5v-3v3-ldo.kicad_sch"/>
      <property name="ki_keywords" value="test point tp"/>
      <property name="ki_fp_filters" value="Pin* Test*"/>
      <sheetpath names="/5V to 3V3 LDO/" tstamps="/bba081e5-678c-4c24-9053-d7bd5826a2b2/"/>
      <tstamps>141d9c90-2f0d-42cc-b52b-d6d14b70beb2</tstamps>
    </comp>
    <comp ref="U3">
      <value>TLV76133DCY</value>
      <footprint>Package_TO_SOT_SMD:SOT-223-3_TabPin2</footprint>
      <datasheet>https://www.ti.com/lit/ds/symlink/tlv761.pdf</datasheet>
      <description>3.3V, 1A, Low Noise, High-PSRR LDO Regulator, 2.5V...16V input, SOT-223</description>
      <fields>
        <field name="MPN">TLV76133DCY</field>
        <field name="Footprint">Package_TO_SOT_SMD:SOT-223-3_TabPin2</field>
        <field name="Datasheet">https://www.ti.com/lit/ds/symlink/tlv761.pdf</field>
        <field name="Description">3.3V, 1A, Low Noise, High-PSRR LDO Regulator, 2.5V...16V input, SOT-223</field>
      </fields>
      <libsource lib="Regulator_Linear" part="TLV76133DCY" description="3.3V, 1A, Low Noise, High-PSRR LDO Regulator, 2.5V...16V input, SOT-223"/>
      <property name="MPN" value="TLV76133DCY"/>
      <property name="Sheetname" value="5V to 3V3 LDO"/>
      <property name="Sheetfile" value="test-project1 sheets/5v-3v3-ldo.kicad_sch"/>
      <property name="ki_keywords" value="voltage fixed low-dropout"/>
      <property name="ki_fp_filters" value="SOT*223*"/>
      <sheetpath names="/5V to 3V3 LDO/" tstamps="/bba081e5-678c-4c24-9053-d7bd5826a2b2/"/>
      <tstamps>844a60e1-0c55-4279-9601-54851b988f52</tstamps>
    </comp>
    <comp ref="D4">
      <value>CDSOT23-T05LC-Q</value>
      <footprint>Package_TO_SOT_SMD:SOT-23-3</footprint>
      <fields>
        <field name="MPN">CDSOT23-T05LC-Q </field>
        <field name="Footprint">Package_TO_SOT_SMD:SOT-23-3</field>
        <field name="Datasheet"/>
        <field name="Description"/>
      </fields>
      <libsource lib="Power_Protection" part="ESDA5V3L" description="TVS Diode Array, 5.5V Standoff, 2 Channels, SOT23"/>
      <property name="MPN" value="CDSOT23-T05LC-Q "/>
      <property name="Sheetname" value="USB Connectors"/>
      <property name="Sheetfile" value="test-project1 sheets/usb-connectors.kicad_sch"/>
      <property name="ki_keywords" value="usb esd protection suppression transient"/>
      <property name="ki_fp_filters" value="SOT?23*"/>
      <sheetpath names="/USB Connectors/" tstamps="/9c7136c6-4078-4232-ac83-45066eafe3ac/"/>
      <tstamps>589fcd26-d66a-45c8-810b-3cf1c7b86042</tstamps>
    </comp>
    <comp ref="F1">
      <value>Fuse</value>
      <footprint>Fuse:Fuse_0603_1608Metric_Pad1.05x0.95mm_HandSolder</footprint>
      <datasheet>~</datasheet>
      <description>Fuse</description>
      <fields>
        <field name="Rating">8V, 500 mA</field>
        <field name="MPN">PTSLR06038V050</field>
        <field name="Footprint">Fuse:Fuse_0603_1608Metric_Pad1.05x0.95mm_HandSolder</field>
        <field name="Datasheet">~</field>
        <field name="Description">Fuse</field>
      </fields>
      <libsource lib="Device" part="Fuse" description="Fuse"/>
      <property name="Rating" value="8V, 500 mA"/>
      <property name="MPN" value="PTSLR06038V050"/>
      <property name="Sheetname" value="USB Connectors"/>
      <property name="Sheetfile" value="test-project1 sheets/usb-connectors.kicad_sch"/>
      <property name="ki_keywords" value="fuse"/>
      <property name="ki_fp_filters" value="*Fuse*"/>
      <sheetpath names="/USB Connectors/" tstamps="/9c7136c6-4078-4232-ac83-45066eafe3ac/"/>
      <tstamps>0ac950bb-827c-45c3-89a1-60a363f32442</tstamps>
    </comp>
    <comp ref="J2">
      <value>USB_C_Receptacle_USB2.0_14P</value>
      <footprint>Connector_USB:USB_C_Receptacle_JAE_DX07S016JA1R1500</footprint>
      <datasheet>https://www.usb.org/sites/default/files/documents/usb_type-c.zip</datasheet>
      <description>USB 2.0-only 14P Type-C Receptacle connector</description>
      <fields>
        <field name="MPN">DX07S016JA1R1500</field>
        <field name="Footprint">Connector_USB:USB_C_Receptacle_JAE_DX07S016JA1R1500</field>
        <field name="Datasheet">https://www.usb.org/sites/default/files/documents/usb_type-c.zip</field>
        <field name="Description">USB 2.0-only 14P Type-C Receptacle connector</field>
      </fields>
      <libsource lib="Connector" part="USB_C_Receptacle_USB2.0_14P" description="USB 2.0-only 14P Type-C Receptacle connector"/>
      <property name="MPN" value="DX07S016JA1R1500"/>
      <property name="Sheetname" value="USB Connectors"/>
      <property name="Sheetfile" value="test-project1 sheets/usb-connectors.kicad_sch"/>
      <property name="ki_keywords" value="usb universal serial bus type-C USB2.0"/>
      <property name="ki_fp_filters" value="USB*C*Receptacle*"/>
      <sheetpath names="/USB Connectors/" tstamps="/9c7136c6-4078-4232-ac83-45066eafe3ac/"/>
      <tstamps>c0c49713-172c-4c66-a93e-a7cc78922fe0</tstamps>
    </comp>
    <comp ref="J3">
      <value>USB_B_Micro</value>
      <footprint>Connector_USB:USB_Micro-B_Wuerth_629105150521</footprint>
      <datasheet>~</datasheet>
      <description>USB Micro Type B connector</description>
      <fields>
        <field name="MPN">629105150521</field>
        <field name="Footprint">Connector_USB:USB_Micro-B_Wuerth_629105150521</field>
        <field name="Datasheet">~</field>
        <field name="Description">USB Micro Type B connector</field>
      </fields>
      <libsource lib="Connector" part="USB_B_Micro" description="USB Micro Type B connector"/>
      <property name="MPN" value="629105150521"/>
      <property name="Sheetname" value="USB Connectors"/>
      <property name="Sheetfile" value="test-project1 sheets/usb-connectors.kicad_sch"/>
      <property name="dnp"/>
      <property name="ki_keywords" value="connector USB micro"/>
      <property name="ki_fp_filters" value="USB*"/>
      <sheetpath names="/USB Connectors/" tstamps="/9c7136c6-4078-4232-ac83-45066eafe3ac/"/>
      <tstamps>5af3a184-8c96-4846-a87c-ccb47397361f</tstamps>
    </comp>
    <comp ref="J4">
      <value>Conn_01x02_Pin</value>
      <footprint>Connector_PinHeader_2.54mm:PinHeader_1x02_P2.54mm_Vertical</footprint>
      <datasheet>~</datasheet>
      <description>Generic connector, single row, 01x02, script generated</description>
      <fields>
        <field name="MPN">Generic</field>
        <field name="Footprint">Connector_PinHeader_2.54mm:PinHeader_1x02_P2.54mm_Vertical</field>
        <field name="Datasheet">~</field>
        <field name="Description">Generic connector, single row, 01x02, script generated</field>
      </fields>
      <libsource lib="Connector" part="Conn_01x02_Pin" description="Generic connector, single row, 01x02, script generated"/>
      <property name="MPN" value="Generic"/>
      <property name="Sheetname" value="USB Connectors"/>
      <property name="Sheetfile" value="test-project1 sheets/usb-connectors.kicad_sch"/>
      <property name="dnp"/>
      <property name="ki_keywords" value="connector"/>
      <property name="ki_fp_filters" value="Connector*:*_1x??_*"/>
      <sheetpath names="/USB Connectors/" tstamps="/9c7136c6-4078-4232-ac83-45066eafe3ac/"/>
      <tstamps>f3b01ed6-c9ff-4f6c-9e38-3a6a6a49b506</tstamps>
    </comp>
    <comp ref="J5">
      <value>Conn_01x02_Pin</value>
      <footprint>Connector_PinHeader_2.54mm:PinHeader_1x02_P2.54mm_Vertical</footprint>
      <datasheet>~</datasheet>
      <description>Generic connector, single row, 01x02, script generated</description>
      <fields>
        <field name="MPN">Generic</field>
        <field name="Footprint">Connector_PinHeader_2.54mm:PinHeader_1x02_P2.54mm_Vertical</field>
        <field name="Datasheet">~</field>
        <field name="Description">Generic connector, single row, 01x02, script generated</field>
      </fields>
      <libsource lib="Connector" part="Conn_01x02_Pin" description="Generic connector, single row, 01x02, script generated"/>
      <property name="MPN" value="Generic"/>
      <property name="Sheetname" value="USB Connectors"/>
      <property name="Sheetfile" value="test-project1 sheets/usb-connectors.kicad_sch"/>
      <property name="dnp"/>
      <property name="ki_keywords" value="connector"/>
      <property name="ki_fp_filters" value="Connector*:*_1x??_*"/>
      <sheetpath names="/USB Connectors/" tstamps="/9c7136c6-4078-4232-ac83-45066eafe3ac/"/>
      <tstamps>1dd1740f-de13-42dd-9df6-d6684dea8037</tstamps>
    </comp>
    <comp ref="J6">
      <value>Conn_01x02_Pin</value>
      <footprint>Connector_PinHeader_2.54mm:PinHeader_1x02_P2.54mm_Vertical</footprint>
      <datasheet>~</datasheet>
      <description>Generic connector, single row, 01x02, script generated</description>
      <fields>
        <field name="MPN">Generic</field>
        <field name="Footprint">Connector_PinHeader_2.54mm:PinHeader_1x02_P2.54mm_Vertical</field>
        <field name="Datasheet">~</field>
        <field name="Description">Generic connector, single row, 01x02, script generated</field>
      </fields>
      <libsource lib="Connector" part="Conn_01x02_Pin" description="Generic connector, single row, 01x02, script generated"/>
      <property name="MPN" value="Generic"/>
      <property name="Sheetname" value="USB Connectors"/>
      <property name="Sheetfile" value="test-project1 sheets/usb-connectors.kicad_sch"/>
      <property name="dnp"/>
      <property name="ki_keywords" value="connector"/>
      <property name="ki_fp_filters" value="Connector*:*_1x??_*"/>
      <sheetpath names="/USB Connectors/" tstamps="/9c7136c6-4078-4232-ac83-45066eafe3ac/"/>
      <tstamps>a64d1878-60c2-4c4f-a7a2-5477393e21a0</tstamps>
    </comp>
    <comp ref="R7">
      <value>5k1</value>
      <footprint>Resistor_SMD:R_0603_1608Metric_Pad0.98x0.95mm_HandSolder</footprint>
      <datasheet>~</datasheet>
      <description>Resistor</description>
      <fields>
        <field name="MPN">MCT06030C5101FPW00</field>
        <field name="Footprint">Resistor_SMD:R_0603_1608Metric_Pad0.98x0.95mm_HandSolder</field>
        <field name="Datasheet">~</field>
        <field name="Description">Resistor</field>
      </fields>
      <libsource lib="Device" part="R" description="Resistor"/>
      <property name="MPN" value="MCT06030C5101FPW00"/>
      <property name="Sheetname" value="USB Connectors"/>
      <property name="Sheetfile" value="test-project1 sheets/usb-connectors.kicad_sch"/>
      <property name="ki_keywords" value="R res resistor"/>
      <property name="ki_fp_filters" value="R_*"/>
      <sheetpath names="/USB Connectors/" tstamps="/9c7136c6-4078-4232-ac83-45066eafe3ac/"/>
      <tstamps>52c6904b-d9b5-4425-8c71-b3d314312e8e</tstamps>
    </comp>
    <comp ref="R8">
      <value>5k1</value>
      <footprint>Resistor_SMD:R_0603_1608Metric_Pad0.98x0.95mm_HandSolder</footprint>
      <datasheet>~</datasheet>
      <description>Resistor</description>
      <fields>
        <field name="MPN">MCT06030C5101FPW00</field>
        <field name="Footprint">Resistor_SMD:R_0603_1608Metric_Pad0.98x0.95mm_HandSolder</field>
        <field name="Datasheet">~</field>
        <field name="Description">Resistor</field>
      </fields>
      <libsource lib="Device" part="R" description="Resistor"/>
      <property name="MPN" value="MCT06030C5101FPW00"/>
      <property name="Sheetname" value="USB Connectors"/>
      <property name="Sheetfile" value="test-project1 sheets/usb-connectors.kicad_sch"/>
      <property name="ki_keywords" value="R res resistor"/>
      <property name="ki_fp_filters" value="R_*"/>
      <sheetpath names="/USB Connectors/" tstamps="/9c7136c6-4078-4232-ac83-45066eafe3ac/"/>
      <tstamps>3e75d527-2899-49e1-8b88-6f8487450f56</tstamps>
    </comp>
    <comp ref="TP21">
      <value>TestPoint_Small</value>
      <footprint>TestPoint:TestPoint_Pad_D1.5mm</footprint>
      <datasheet>~</datasheet>
      <description>test point</description>
      <fields>
        <field name="MPN">Generic</field>
        <field name="Footprint">TestPoint:TestPoint_Pad_D1.5mm</field>
        <field name="Datasheet">~</field>
        <field name="Description">test point</field>
      </fields>
      <libsource lib="Connector" part="TestPoint_Small" description="test point"/>
      <property name="MPN" value="Generic"/>
      <property name="Sheetname" value="USB Connectors"/>
      <property name="Sheetfile" value="test-project1 sheets/usb-connectors.kicad_sch"/>
      <property name="ki_keywords" value="test point tp"/>
      <property name="ki_fp_filters" value="Pin* Test*"/>
      <sheetpath names="/USB Connectors/" tstamps="/9c7136c6-4078-4232-ac83-45066eafe3ac/"/>
      <tstamps>1f4f162b-7f3c-4f4a-946f-12f7f88083d3</tstamps>
    </comp>
    <comp ref="U8">
      <value>TPD2E2U06DRL</value>
      <footprint>Package_TO_SOT_SMD:SOT-553</footprint>
      <datasheet>http://www.ti.com/lit/ds/symlink/tpd2e2u06.pdf</datasheet>
      <description>Dual-Channel High-Speed ESD Protection, SOT-553</description>
      <fields>
        <field name="MPN">TPD2E2U06DRLR</field>
        <field name="Footprint">Package_TO_SOT_SMD:SOT-553</field>
        <field name="Datasheet">http://www.ti.com/lit/ds/symlink/tpd2e2u06.pdf</field>
        <field name="Description">Dual-Channel High-Speed ESD Protection, SOT-553</field>
      </fields>
      <libsource lib="Power_Protection" part="TPD2E2U06DRL" description="Dual-Channel High-Speed ESD Protection, SOT-553"/>
      <property name="MPN" value="TPD2E2U06DRLR"/>
      <property name="Sheetname" value="USB Connectors"/>
      <property name="Sheetfile" value="test-project1 sheets/usb-connectors.kicad_sch"/>
      <property name="ki_keywords" value="TVS"/>
      <property name="ki_fp_filters" value="SOT?553*"/>
      <sheetpath names="/USB Connectors/" tstamps="/9c7136c6-4078-4232-ac83-45066eafe3ac/"/>
      <tstamps>8669b185-dea8-4c2e-892c-6d2a3b869fa9</tstamps>
    </comp>
    <comp ref="C13">
      <value>1u</value>
      <footprint>Capacitor_SMD:C_0603_1608Metric_Pad1.08x0.95mm_HandSolder</footprint>
      <datasheet>~</datasheet>
      <description>Unpolarized capacitor, small symbol</description>
      <fields>
        <field name="Rating">6V3</field>
        <field name="MPN">Generic</field>
        <field name="Footprint">Capacitor_SMD:C_0603_1608Metric_Pad1.08x0.95mm_HandSolder</field>
        <field name="Datasheet">~</field>
        <field name="Description">Unpolarized capacitor, small symbol</field>
      </fields>
      <libsource lib="Device" part="C_Small" description="Unpolarized capacitor, small symbol"/>
      <property name="Rating" value="6V3"/>
      <property name="MPN" value="Generic"/>
      <property name="Sheetname" value="Analogue Switch"/>
      <property name="Sheetfile" value="test-project1 sheets/analogue-switch.kicad_sch"/>
      <property name="ki_keywords" value="capacitor cap"/>
      <property name="ki_fp_filters" value="C_*"/>
      <sheetpath names="/Analogue Switch/" tstamps="/45f5c0ae-1c64-4b06-a080-92bb555b56ab/"/>
      <tstamps>6b501ad1-d8e7-4262-b8ca-272d053e83fd</tstamps>
    </comp>
    <comp ref="C14">
      <value>1u</value>
      <footprint>Capacitor_SMD:C_0603_1608Metric_Pad1.08x0.95mm_HandSolder</footprint>
      <datasheet>~</datasheet>
      <description>Unpolarized capacitor, small symbol</description>
      <fields>
        <field name="Rating">6V3</field>
        <field name="MPN">Generic</field>
        <field name="Footprint">Capacitor_SMD:C_0603_1608Metric_Pad1.08x0.95mm_HandSolder</field>
        <field name="Datasheet">~</field>
        <field name="Description">Unpolarized capacitor, small symbol</field>
      </fields>
      <libsource lib="Device" part="C_Small" description="Unpolarized capacitor, small symbol"/>
      <property name="Rating" value="6V3"/>
      <property name="MPN" value="Generic"/>
      <property name="Sheetname" value="Analogue Switch"/>
      <property name="Sheetfile" value="test-project1 sheets/analogue-switch.kicad_sch"/>
      <property name="ki_keywords" value="capacitor cap"/>
      <property name="ki_fp_filters" value="C_*"/>
      <sheetpath names="/Analogue Switch/" tstamps="/45f5c0ae-1c64-4b06-a080-92bb555b56ab/"/>
      <tstamps>5cee3a28-c7a6-4f6a-bf84-08f66e496edb</tstamps>
    </comp>
    <comp ref="R9">
      <value>10k</value>
      <footprint>Resistor_SMD:R_0603_1608Metric_Pad0.98x0.95mm_HandSolder</footprint>
      <datasheet>~</datasheet>
      <description>Resistor</description>
      <fields>
        <field name="MPN">Generic</field>
        <field name="Footprint">Resistor_SMD:R_0603_1608Metric_Pad0.98x0.95mm_HandSolder</field>
        <field name="Datasheet">~</field>
        <field name="Description">Resistor</field>
      </fields>
      <libsource lib="Device" part="R" description="Resistor"/>
      <property name="MPN" value="Generic"/>
      <property name="Sheetname" value="Analogue Switch"/>
      <property name="Sheetfile" value="test-project1 sheets/analogue-switch.kicad_sch"/>
      <property name="ki_keywords" value="R res resistor"/>
      <property name="ki_fp_filters" value="R_*"/>
      <sheetpath names="/Analogue Switch/" tstamps="/45f5c0ae-1c64-4b06-a080-92bb555b56ab/"/>
      <tstamps>a5bbfcfc-6792-4bfb-8194-1b2779d8d2a5</tstamps>
    </comp>
    <comp ref="R13">
      <value>10k</value>
      <footprint>Resistor_SMD:R_0603_1608Metric_Pad0.98x0.95mm_HandSolder</footprint>
      <datasheet>~</datasheet>
      <description>Resistor</description>
      <fields>
        <field name="MPN">Generic</field>
        <field name="Footprint">Resistor_SMD:R_0603_1608Metric_Pad0.98x0.95mm_HandSolder</field>
        <field name="Datasheet">~</field>
        <field name="Description">Resistor</field>
      </fields>
      <libsource lib="Device" part="R" description="Resistor"/>
      <property name="MPN" value="Generic"/>
      <property name="Sheetname" value="Analogue Switch"/>
      <property name="Sheetfile" value="test-project1 sheets/analogue-switch.kicad_sch"/>
      <property name="ki_keywords" value="R res resistor"/>
      <property name="ki_fp_filters" value="R_*"/>
      <sheetpath names="/Analogue Switch/" tstamps="/45f5c0ae-1c64-4b06-a080-92bb555b56ab/"/>
      <tstamps>c74f2cdf-3cc8-4dd1-9829-32e011728417</tstamps>
    </comp>
    <comp ref="R14">
      <value>10k</value>
      <footprint>Resistor_SMD:R_0603_1608Metric_Pad0.98x0.95mm_HandSolder</footprint>
      <datasheet>~</datasheet>
      <description>Resistor</description>
      <fields>
        <field name="MPN">Generic</field>
        <field name="Footprint">Resistor_SMD:R_0603_1608Metric_Pad0.98x0.95mm_HandSolder</field>
        <field name="Datasheet">~</field>
        <field name="Description">Resistor</field>
      </fields>
      <libsource lib="Device" part="R" description="Resistor"/>
      <property name="MPN" value="Generic"/>
      <property name="Sheetname" value="Analogue Switch"/>
      <property name="Sheetfile" value="test-project1 sheets/analogue-switch.kicad_sch"/>
      <property name="ki_keywords" value="R res resistor"/>
      <property name="ki_fp_filters" value="R_*"/>
      <sheetpath names="/Analogue Switch/" tstamps="/45f5c0ae-1c64-4b06-a080-92bb555b56ab/"/>
      <tstamps>f7c0bac3-496f-455a-915f-6a4693954230</tstamps>
    </comp>
    <comp ref="TP10">
      <value>TestPoint_Small</value>
      <footprint>TestPoint:TestPoint_Pad_D1.5mm</footprint>
      <datasheet>~</datasheet>
      <description>test point</description>
      <fields>
        <field name="MPN">Generic</field>
        <field name="Footprint">TestPoint:TestPoint_Pad_D1.5mm</field>
        <field name="Datasheet">~</field>
        <field name="Description">test point</field>
      </fields>
      <libsource lib="Connector" part="TestPoint_Small" description="test point"/>
      <property name="MPN" value="Generic"/>
      <property name="Sheetname" value="Analogue Switch"/>
      <property name="Sheetfile" value="test-project1 sheets/analogue-switch.kicad_sch"/>
      <property name="ki_keywords" value="test point tp"/>
      <property name="ki_fp_filters" value="Pin* Test*"/>
      <sheetpath names="/Analogue Switch/" tstamps="/45f5c0ae-1c64-4b06-a080-92bb555b56ab/"/>
      <tstamps>54eaf987-5c6b-491d-9cb1-9a35018ebbc0</tstamps>
    </comp>
    <comp ref="TP11">
      <value>TestPoint_Small</value>
      <footprint>TestPoint:TestPoint_Pad_D1.5mm</footprint>
      <datasheet>~</datasheet>
      <description>test point</description>
      <fields>
        <field name="MPN">Generic</field>
        <field name="Footprint">TestPoint:TestPoint_Pad_D1.5mm</field>
        <field name="Datasheet">~</field>
        <field name="Description">test point</field>
      </fields>
      <libsource lib="Connector" part="TestPoint_Small" description="test point"/>
      <property name="MPN" value="Generic"/>
      <property name="Sheetname" value="Analogue Switch"/>
      <property name="Sheetfile" value="test-project1 sheets/analogue-switch.kicad_sch"/>
      <property name="ki_keywords" value="test point tp"/>
      <property name="ki_fp_filters" value="Pin* Test*"/>
      <sheetpath names="/Analogue Switch/" tstamps="/45f5c0ae-1c64-4b06-a080-92bb555b56ab/"/>
      <tstamps>a14655d3-78d1-4ad2-a5c5-024245520eb7</tstamps>
    </comp>
    <comp ref="TP12">
      <value>TestPoint_Small</value>
      <footprint>TestPoint:TestPoint_Pad_D1.5mm</footprint>
      <datasheet>~</datasheet>
      <description>test point</description>
      <fields>
        <field name="MPN">Generic</field>
        <field name="Footprint">TestPoint:TestPoint_Pad_D1.5mm</field>
        <field name="Datasheet">~</field>
        <field name="Description">test point</field>
      </fields>
      <libsource lib="Connector" part="TestPoint_Small" description="test point"/>
      <property name="MPN" value="Generic"/>
      <property name="Sheetname" value="Analogue Switch"/>
      <property name="Sheetfile" value="test-project1 sheets/analogue-switch.kicad_sch"/>
      <property name="ki_keywords" value="test point tp"/>
      <property name="ki_fp_filters" value="Pin* Test*"/>
      <sheetpath names="/Analogue Switch/" tstamps="/45f5c0ae-1c64-4b06-a080-92bb555b56ab/"/>
      <tstamps>66209380-67da-4758-8d58-00f4f47a547b</tstamps>
    </comp>
    <comp ref="TP13">
      <value>TestPoint_Small</value>
      <footprint>TestPoint:TestPoint_Pad_D1.5mm</footprint>
      <datasheet>~</datasheet>
      <description>test point</description>
      <fields>
        <field name="MPN">Generic</field>
        <field name="Footprint">TestPoint:TestPoint_Pad_D1.5mm</field>
        <field name="Datasheet">~</field>
        <field name="Description">test point</field>
      </fields>
      <libsource lib="Connector" part="TestPoint_Small" description="test point"/>
      <property name="MPN" value="Generic"/>
      <property name="Sheetname" value="Analogue Switch"/>
      <property name="Sheetfile" value="test-project1 sheets/analogue-switch.kicad_sch"/>
      <property name="ki_keywords" value="test point tp"/>
      <property name="ki_fp_filters" value="Pin* Test*"/>
      <sheetpath names="/Analogue Switch/" tstamps="/45f5c0ae-1c64-4b06-a080-92bb555b56ab/"/>
      <tstamps>6b5afbe8-5f7d-41dc-b53b-6e03b252b34b</tstamps>
    </comp>
    <comp ref="TP14">
      <value>TestPoint_Small</value>
      <footprint>TestPoint:TestPoint_Pad_D1.5mm</footprint>
      <datasheet>~</datasheet>
      <description>test point</description>
      <fields>
        <field name="MPN">Generic</field>
        <field name="Footprint">TestPoint:TestPoint_Pad_D1.5mm</field>
        <field name="Datasheet">~</field>
        <field name="Description">test point</field>
      </fields>
      <libsource lib="Connector" part="TestPoint_Small" description="test point"/>
      <property name="MPN" value="Generic"/>
      <property name="Sheetname" value="Analogue Switch"/>
      <property name="Sheetfile" value="test-project1 sheets/analogue-switch.kicad_sch"/>
      <property name="ki_keywords" value="test point tp"/>
      <property name="ki_fp_filters" value="Pin* Test*"/>
      <sheetpath names="/Analogue Switch/" tstamps="/45f5c0ae-1c64-4b06-a080-92bb555b56ab/"/>
      <tstamps>75c110e9-e25f-4a05-a8ad-a8e211e55df0</tstamps>
    </comp>
    <comp ref="TP15">
      <value>TestPoint_Small</value>
      <footprint>TestPoint:TestPoint_Pad_D1.5mm</footprint>
      <datasheet>~</datasheet>
      <description>test point</description>
      <fields>
        <field name="MPN">Generic</field>
        <field name="Footprint">TestPoint:TestPoint_Pad_D1.5mm</field>
        <field name="Datasheet">~</field>
        <field name="Description">test point</field>
      </fields>
      <libsource lib="Connector" part="TestPoint_Small" description="test point"/>
      <property name="MPN" value="Generic"/>
      <property name="Sheetname" value="Analogue Switch"/>
      <property name="Sheetfile" value="test-project1 sheets/analogue-switch.kicad_sch"/>
      <property name="ki_keywords" value="test point tp"/>
      <property name="ki_fp_filters" value="Pin* Test*"/>
      <sheetpath names="/Analogue Switch/" tstamps="/45f5c0ae-1c64-4b06-a080-92bb555b56ab/"/>
      <tstamps>a08418cf-dd49-4e9a-90da-cf7443bdd775</tstamps>
    </comp>
    <comp ref="TP22">
      <value>TestPoint_Small</value>
      <footprint>TestPoint:TestPoint_Pad_D1.5mm</footprint>
      <datasheet>~</datasheet>
      <description>test point</description>
      <fields>
        <field name="MPN">Generic</field>
        <field name="Footprint">TestPoint:TestPoint_Pad_D1.5mm</field>
        <field name="Datasheet">~</field>
        <field name="Description">test point</field>
      </fields>
      <libsource lib="Connector" part="TestPoint_Small" description="test point"/>
      <property name="MPN" value="Generic"/>
      <property name="Sheetname" value="Analogue Switch"/>
      <property name="Sheetfile" value="test-project1 sheets/analogue-switch.kicad_sch"/>
      <property name="ki_keywords" value="test point tp"/>
      <property name="ki_fp_filters" value="Pin* Test*"/>
      <sheetpath names="/Analogue Switch/" tstamps="/45f5c0ae-1c64-4b06-a080-92bb555b56ab/"/>
      <tstamps>7b60d009-4079-4b6e-8d0b-dbd591a67dd5</tstamps>
    </comp>
    <comp ref="TP23">
      <value>TestPoint_Small</value>
      <footprint>TestPoint:TestPoint_Pad_D1.5mm</footprint>
      <datasheet>~</datasheet>
      <description>test point</description>
      <fields>
        <field name="MPN">Generic</field>
        <field name="Footprint">TestPoint:TestPoint_Pad_D1.5mm</field>
        <field name="Datasheet">~</field>
        <field name="Description">test point</field>
      </fields>
      <libsource lib="Connector" part="TestPoint_Small" description="test point"/>
      <property name="MPN" value="Generic"/>
      <property name="Sheetname" value="Analogue Switch"/>
      <property name="Sheetfile" value="test-project1 sheets/analogue-switch.kicad_sch"/>
      <property name="ki_keywords" value="test point tp"/>
      <property name="ki_fp_filters" value="Pin* Test*"/>
      <sheetpath names="/Analogue Switch/" tstamps="/45f5c0ae-1c64-4b06-a080-92bb555b56ab/"/>
      <tstamps>523e5a30-cb28-4da7-8fa6-8cd7bdd72b2f</tstamps>
    </comp>
    <comp ref="TP24">
      <value>TestPoint_Small</value>
      <footprint>TestPoint:TestPoint_Pad_D1.5mm</footprint>
      <datasheet>~</datasheet>
      <description>test point</description>
      <fields>
        <field name="MPN">Generic</field>
        <field name="Footprint">TestPoint:TestPoint_Pad_D1.5mm</field>
        <field name="Datasheet">~</field>
        <field name="Description">test point</field>
      </fields>
      <libsource lib="Connector" part="TestPoint_Small" description="test point"/>
      <property name="MPN" value="Generic"/>
      <property name="Sheetname" value="Analogue Switch"/>
      <property name="Sheetfile" value="test-project1 sheets/analogue-switch.kicad_sch"/>
      <property name="ki_keywords" value="test point tp"/>
      <property name="ki_fp_filters" value="Pin* Test*"/>
      <sheetpath names="/Analogue Switch/" tstamps="/45f5c0ae-1c64-4b06-a080-92bb555b56ab/"/>
      <tstamps>0905017c-78bb-425d-a53f-e7c2970315de</tstamps>
    </comp>
    <comp ref="TP25">
      <value>TestPoint_Small</value>
      <footprint>TestPoint:TestPoint_Pad_D1.5mm</footprint>
      <datasheet>~</datasheet>
      <description>test point</description>
      <fields>
        <field name="MPN">Generic</field>
        <field name="Footprint">TestPoint:TestPoint_Pad_D1.5mm</field>
        <field name="Datasheet">~</field>
        <field name="Description">test point</field>
      </fields>
      <libsource lib="Connector" part="TestPoint_Small" description="test point"/>
      <property name="MPN" value="Generic"/>
      <property name="Sheetname" value="Analogue Switch"/>
      <property name="Sheetfile" value="test-project1 sheets/analogue-switch.kicad_sch"/>
      <property name="ki_keywords" value="test point tp"/>
      <property name="ki_fp_filters" value="Pin* Test*"/>
      <sheetpath names="/Analogue Switch/" tstamps="/45f5c0ae-1c64-4b06-a080-92bb555b56ab/"/>
      <tstamps>c334cf42-aba2-477b-a1a5-5af14e15ac9d</tstamps>
    </comp>
    <comp ref="TP26">
      <value>TestPoint_Small</value>
      <footprint>TestPoint:TestPoint_Pad_D1.5mm</footprint>
      <datasheet>~</datasheet>
      <description>test point</description>
      <fields>
        <field name="MPN">Generic</field>
        <field name="Footprint">TestPoint:TestPoint_Pad_D1.5mm</field>
        <field name="Datasheet">~</field>
        <field name="Description">test point</field>
      </fields>
      <libsource lib="Connector" part="TestPoint_Small" description="test point"/>
      <property name="MPN" value="Generic"/>
      <property name="Sheetname" value="Analogue Switch"/>
      <property name="Sheetfile" value="test-project1 sheets/analogue-switch.kicad_sch"/>
      <property name="ki_keywords" value="test point tp"/>
      <property name="ki_fp_filters" value="Pin* Test*"/>
      <sheetpath names="/Analogue Switch/" tstamps="/45f5c0ae-1c64-4b06-a080-92bb555b56ab/"/>
      <tstamps>004ba77c-482d-4b91-8abc-ad802041318b</tstamps>
    </comp>
    <comp ref="TP27">
      <value>TestPoint_Small</value>
      <footprint>TestPoint:TestPoint_Pad_D1.5mm</footprint>
      <datasheet>~</datasheet>
      <description>test point</description>
      <fields>
        <field name="MPN">Generic</field>
        <field name="Footprint">TestPoint:TestPoint_Pad_D1.5mm</field>
        <field name="Datasheet">~</field>
        <field name="Description">test point</field>
      </fields>
      <libsource lib="Connector" part="TestPoint_Small" description="test point"/>
      <property name="MPN" value="Generic"/>
      <property name="Sheetname" value="Analogue Switch"/>
      <property name="Sheetfile" value="test-project1 sheets/analogue-switch.kicad_sch"/>
      <property name="ki_keywords" value="test point tp"/>
      <property name="ki_fp_filters" value="Pin* Test*"/>
      <sheetpath names="/Analogue Switch/" tstamps="/45f5c0ae-1c64-4b06-a080-92bb555b56ab/"/>
      <tstamps>454d1f39-8254-4fdd-8e14-fdbc573c0c2d</tstamps>
    </comp>
    <comp ref="TP28">
      <value>TestPoint_Small</value>
      <footprint>TestPoint:TestPoint_Pad_D1.5mm</footprint>
      <datasheet>~</datasheet>
      <description>test point</description>
      <fields>
        <field name="MPN">Generic</field>
        <field name="Footprint">TestPoint:TestPoint_Pad_D1.5mm</field>
        <field name="Datasheet">~</field>
        <field name="Description">test point</field>
      </fields>
      <libsource lib="Connector" part="TestPoint_Small" description="test point"/>
      <property name="MPN" value="Generic"/>
      <property name="Sheetname" value="Analogue Switch"/>
      <property name="Sheetfile" value="test-project1 sheets/analogue-switch.kicad_sch"/>
      <property name="ki_keywords" value="test point tp"/>
      <property name="ki_fp_filters" value="Pin* Test*"/>
      <sheetpath names="/Analogue Switch/" tstamps="/45f5c0ae-1c64-4b06-a080-92bb555b56ab/"/>
      <tstamps>4a2df368-74f2-4b34-86a4-ac6fdf7688bf</tstamps>
    </comp>
    <comp ref="TP29">
      <value>TestPoint_Small</value>
      <footprint>TestPoint:TestPoint_Pad_D1.5mm</footprint>
      <datasheet>~</datasheet>
      <description>test point</description>
      <fields>
        <field name="MPN">Generic</field>
        <field name="Footprint">TestPoint:TestPoint_Pad_D1.5mm</field>
        <field name="Datasheet">~</field>
        <field name="Description">test point</field>
      </fields>
      <libsource lib="Connector" part="TestPoint_Small" description="test point"/>
      <property name="MPN" value="Generic"/>
      <property name="Sheetname" value="Analogue Switch"/>
      <property name="Sheetfile" value="test-project1 sheets/analogue-switch.kicad_sch"/>
      <property name="ki_keywords" value="test point tp"/>
      <property name="ki_fp_filters" value="Pin* Test*"/>
      <sheetpath names="/Analogue Switch/" tstamps="/45f5c0ae-1c64-4b06-a080-92bb555b56ab/"/>
      <tstamps>6d661dd8-b4d2-43c0-88f9-3635226d5094</tstamps>
    </comp>
    <comp ref="TP30">
      <value>TestPoint_Small</value>
      <footprint>TestPoint:TestPoint_Pad_D1.5mm</footprint>
      <datasheet>~</datasheet>
      <description>test point</description>
      <fields>
        <field name="MPN">Generic</field>
        <field name="Footprint">TestPoint:TestPoint_Pad_D1.5mm</field>
        <field name="Datasheet">~</field>
        <field name="Description">test point</field>
      </fields>
      <libsource lib="Connector" part="TestPoint_Small" description="test point"/>
      <property name="MPN" value="Generic"/>
      <property name="Sheetname" value="Analogue Switch"/>
      <property name="Sheetfile" value="test-project1 sheets/analogue-switch.kicad_sch"/>
      <property name="ki_keywords" value="test point tp"/>
      <property name="ki_fp_filters" value="Pin* Test*"/>
      <sheetpath names="/Analogue Switch/" tstamps="/45f5c0ae-1c64-4b06-a080-92bb555b56ab/"/>
      <tstamps>67aa71bd-55b3-43f7-991b-14962aa36d75</tstamps>
    </comp>
    <comp ref="TP31">
      <value>TestPoint_Small</value>
      <footprint>TestPoint:TestPoint_Pad_D1.5mm</footprint>
      <datasheet>~</datasheet>
      <description>test point</description>
      <fields>
        <field name="MPN">Generic</field>
        <field name="Footprint">TestPoint:TestPoint_Pad_D1.5mm</field>
        <field name="Datasheet">~</field>
        <field name="Description">test point</field>
      </fields>
      <libsource lib="Connector" part="TestPoint_Small" description="test point"/>
      <property name="MPN" value="Generic"/>
      <property name="Sheetname" value="Analogue Switch"/>
      <property name="Sheetfile" value="test-project1 sheets/analogue-switch.kicad_sch"/>
      <property name="ki_keywords" value="test point tp"/>
      <property name="ki_fp_filters" value="Pin* Test*"/>
      <sheetpath names="/Analogue Switch/" tstamps="/45f5c0ae-1c64-4b06-a080-92bb555b56ab/"/>
      <tstamps>351ebc67-cf44-415b-a944-7183cb0e5e8c</tstamps>
    </comp>
    <comp ref="U4">
      <value>TMUX1574PW</value>
      <footprint>Package_SO:TSSOP-16_4.4x5mm_P0.65mm</footprint>
      <datasheet>https://www.ti.com/lit/ds/symlink/tmux1574.pdf</datasheet>
      <description>Low-Capacitance, 2:1 (SPDT) 4-Channel, Powered-Off Protected Switch with 1.8 V Logic, TSSOP-16</description>
      <fields>
        <field name="Created">Yiannis Michael. 15/05/2025</field>
        <field name="Checked">Chris Thomas, 16/05/2025</field>
        <field name="MPN">TMUX1574PW</field>
        <field name="Footprint">Package_SO:TSSOP-16_4.4x5mm_P0.65mm</field>
        <field name="Datasheet">https://www.ti.com/lit/ds/symlink/tmux1574.pdf</field>
        <field name="Description">Low-Capacitance, 2:1 (SPDT) 4-Channel, Powered-Off Protected Switch with 1.8 V Logic, TSSOP-16</field>
      </fields>
      <libsource lib="Analog_Switch_MAGE" part="TMUX1574PW" description="Low-Capacitance, 2:1 (SPDT) 4-Channel, Powered-Off Protected Switch with 1.8 V Logic, TSSOP-16"/>
      <property name="Created" value="Yiannis Michael. 15/05/2025"/>
      <property name="Checked" value="Chris Thomas, 16/05/2025"/>
      <property name="MPN" value="TMUX1574PW"/>
      <property name="Sheetname" value="Analogue Switch"/>
      <property name="Sheetfile" value="test-project1 sheets/analogue-switch.kicad_sch"/>
      <property name="ki_keywords" value="ti texas instruments mux multiplexer analog analogue switch 4-channel"/>
      <property name="ki_fp_filters" value="TSSOP?16*4.4x5mm*P0.65mm*"/>
      <sheetpath names="/Analogue Switch/" tstamps="/45f5c0ae-1c64-4b06-a080-92bb555b56ab/"/>
      <tstamps>d9b3f3b6-7801-42ef-ad82-6925391a10a5</tstamps>
    </comp>
    <comp ref="U5">
      <value>TMUX1574PW</value>
      <footprint>Package_SO:TSSOP-16_4.4x5mm_P0.65mm</footprint>
      <datasheet>https://www.ti.com/lit/ds/symlink/tmux1574.pdf</datasheet>
      <description>Low-Capacitance, 2:1 (SPDT) 4-Channel, Powered-Off Protected Switch with 1.8 V Logic, TSSOP-16</description>
      <fields>
        <field name="Created">Yiannis Michael. 15/05/2025</field>
        <field name="Checked">Chris Thomas, 16/05/2025</field>
        <field name="MPN">TMUX1574PW</field>
        <field name="Footprint">Package_SO:TSSOP-16_4.4x5mm_P0.65mm</field>
        <field name="Datasheet">https://www.ti.com/lit/ds/symlink/tmux1574.pdf</field>
        <field name="Description">Low-Capacitance, 2:1 (SPDT) 4-Channel, Powered-Off Protected Switch with 1.8 V Logic, TSSOP-16</field>
      </fields>
      <libsource lib="Analog_Switch_MAGE" part="TMUX1574PW" description="Low-Capacitance, 2:1 (SPDT) 4-Channel, Powered-Off Protected Switch with 1.8 V Logic, TSSOP-16"/>
      <property name="Created" value="Yiannis Michael. 15/05/2025"/>
      <property name="Checked" value="Chris Thomas, 16/05/2025"/>
      <property name="MPN" value="TMUX1574PW"/>
      <property name="Sheetname" value="Analogue Switch"/>
      <property name="Sheetfile" value="test-project1 sheets/analogue-switch.kicad_sch"/>
      <property name="ki_keywords" value="ti texas instruments mux multiplexer analog analogue switch 4-channel"/>
      <property name="ki_fp_filters" value="TSSOP?16*4.4x5mm*P0.65mm*"/>
      <sheetpath names="/Analogue Switch/" tstamps="/45f5c0ae-1c64-4b06-a080-92bb555b56ab/"/>
      <tstamps>9598b656-f15e-42e7-a408-6356c2f99ce1</tstamps>
    </comp>
    <comp ref="C15">
      <value>13p</value>
      <footprint>Capacitor_SMD:C_0603_1608Metric_Pad1.08x0.95mm_HandSolder</footprint>
      <datasheet>~</datasheet>
      <description>Unpolarized capacitor, small symbol</description>
      <fields>
        <field name="MPN">06035A130GAT2A</field>
        <field name="Rating">6V3</field>
        <field name="Footprint">Capacitor_SMD:C_0603_1608Metric_Pad1.08x0.95mm_HandSolder</field>
        <field name="Datasheet">~</field>
        <field name="Description">Unpolarized capacitor, small symbol</field>
      </fields>
      <libsource lib="Device" part="C_Small" description="Unpolarized capacitor, small symbol"/>
      <property name="MPN" value="06035A130GAT2A"/>
      <property name="Rating" value="6V3"/>
      <property name="Sheetname" value="MCP2515"/>
      <property name="Sheetfile" value="test-project1 sheets/mcp2515.kicad_sch"/>
      <property name="ki_keywords" value="capacitor cap"/>
      <property name="ki_fp_filters" value="C_*"/>
      <sheetpath names="/MCP2515/" tstamps="/91d854d1-c9de-49bf-bae9-8595b050653a/"/>
      <tstamps>55c46868-2a5f-4ca9-837b-0de4258885da</tstamps>
    </comp>
    <comp ref="C16">
      <value>13p</value>
      <footprint>Capacitor_SMD:C_0603_1608Metric_Pad1.08x0.95mm_HandSolder</footprint>
      <datasheet>~</datasheet>
      <description>Unpolarized capacitor, small symbol</description>
      <fields>
        <field name="MPN">06035A130GAT2A</field>
        <field name="Rating">6V3</field>
        <field name="Footprint">Capacitor_SMD:C_0603_1608Metric_Pad1.08x0.95mm_HandSolder</field>
        <field name="Datasheet">~</field>
        <field name="Description">Unpolarized capacitor, small symbol</field>
      </fields>
      <libsource lib="Device" part="C_Small" description="Unpolarized capacitor, small symbol"/>
      <property name="MPN" value="06035A130GAT2A"/>
      <property name="Rating" value="6V3"/>
      <property name="Sheetname" value="MCP2515"/>
      <property name="Sheetfile" value="test-project1 sheets/mcp2515.kicad_sch"/>
      <property name="ki_keywords" value="capacitor cap"/>
      <property name="ki_fp_filters" value="C_*"/>
      <sheetpath names="/MCP2515/" tstamps="/91d854d1-c9de-49bf-bae9-8595b050653a/"/>
      <tstamps>f1239b52-a362-4365-a1d6-c301998b35fb</tstamps>
    </comp>
    <comp ref="C17">
      <value>1u</value>
      <footprint>Capacitor_SMD:C_0603_1608Metric_Pad1.08x0.95mm_HandSolder</footprint>
      <datasheet>~</datasheet>
      <description>Unpolarized capacitor, small symbol</description>
      <fields>
        <field name="Rating">6V3</field>
        <field name="MPN">Generic</field>
        <field name="Footprint">Capacitor_SMD:C_0603_1608Metric_Pad1.08x0.95mm_HandSolder</field>
        <field name="Datasheet">~</field>
        <field name="Description">Unpolarized capacitor, small symbol</field>
      </fields>
      <libsource lib="Device" part="C_Small" description="Unpolarized capacitor, small symbol"/>
      <property name="Rating" value="6V3"/>
      <property name="MPN" value="Generic"/>
      <property name="Sheetname" value="MCP2515"/>
      <property name="Sheetfile" value="test-project1 sheets/mcp2515.kicad_sch"/>
      <property name="ki_keywords" value="capacitor cap"/>
      <property name="ki_fp_filters" value="C_*"/>
      <sheetpath names="/MCP2515/" tstamps="/91d854d1-c9de-49bf-bae9-8595b050653a/"/>
      <tstamps>3d5b3378-aa60-4b40-919c-ae9b74534238</tstamps>
    </comp>
    <comp ref="R10">
      <value>10k</value>
      <footprint>Resistor_SMD:R_0603_1608Metric_Pad0.98x0.95mm_HandSolder</footprint>
      <datasheet>~</datasheet>
      <description>Resistor</description>
      <fields>
        <field name="MPN">Generic</field>
        <field name="Footprint">Resistor_SMD:R_0603_1608Metric_Pad0.98x0.95mm_HandSolder</field>
        <field name="Datasheet">~</field>
        <field name="Description">Resistor</field>
      </fields>
      <libsource lib="Device" part="R" description="Resistor"/>
      <property name="MPN" value="Generic"/>
      <property name="Sheetname" value="MCP2515"/>
      <property name="Sheetfile" value="test-project1 sheets/mcp2515.kicad_sch"/>
      <property name="ki_keywords" value="R res resistor"/>
      <property name="ki_fp_filters" value="R_*"/>
      <sheetpath names="/MCP2515/" tstamps="/91d854d1-c9de-49bf-bae9-8595b050653a/"/>
      <tstamps>8e7d8ee9-e16b-48fe-8b3a-27a3c2c8418a</tstamps>
    </comp>
    <comp ref="TP16">
      <value>TestPoint_Small</value>
      <footprint>TestPoint:TestPoint_Pad_D1.5mm</footprint>
      <datasheet>~</datasheet>
      <description>test point</description>
      <fields>
        <field name="MPN">Generic</field>
        <field name="Footprint">TestPoint:TestPoint_Pad_D1.5mm</field>
        <field name="Datasheet">~</field>
        <field name="Description">test point</field>
      </fields>
      <libsource lib="Connector" part="TestPoint_Small" description="test point"/>
      <property name="MPN" value="Generic"/>
      <property name="Sheetname" value="MCP2515"/>
      <property name="Sheetfile" value="test-project1 sheets/mcp2515.kicad_sch"/>
      <property name="ki_keywords" value="test point tp"/>
      <property name="ki_fp_filters" value="Pin* Test*"/>
      <sheetpath names="/MCP2515/" tstamps="/91d854d1-c9de-49bf-bae9-8595b050653a/"/>
      <tstamps>8a343034-1307-4100-9eba-0579364f4247</tstamps>
    </comp>
    <comp ref="TP17">
      <value>TestPoint_Small</value>
      <footprint>TestPoint:TestPoint_Pad_D1.5mm</footprint>
      <datasheet>~</datasheet>
      <description>test point</description>
      <fields>
        <field name="MPN">Generic</field>
        <field name="Footprint">TestPoint:TestPoint_Pad_D1.5mm</field>
        <field name="Datasheet">~</field>
        <field name="Description">test point</field>
      </fields>
      <libsource lib="Connector" part="TestPoint_Small" description="test point"/>
      <property name="MPN" value="Generic"/>
      <property name="Sheetname" value="MCP2515"/>
      <property name="Sheetfile" value="test-project1 sheets/mcp2515.kicad_sch"/>
      <property name="ki_keywords" value="test point tp"/>
      <property name="ki_fp_filters" value="Pin* Test*"/>
      <sheetpath names="/MCP2515/" tstamps="/91d854d1-c9de-49bf-bae9-8595b050653a/"/>
      <tstamps>c5dd88e5-e4d2-49fa-834e-890659fa89a4</tstamps>
    </comp>
    <comp ref="TP18">
      <value>TestPoint_Small</value>
      <footprint>TestPoint:TestPoint_Pad_D1.5mm</footprint>
      <datasheet>~</datasheet>
      <description>test point</description>
      <fields>
        <field name="MPN">Generic</field>
        <field name="Footprint">TestPoint:TestPoint_Pad_D1.5mm</field>
        <field name="Datasheet">~</field>
        <field name="Description">test point</field>
      </fields>
      <libsource lib="Connector" part="TestPoint_Small" description="test point"/>
      <property name="MPN" value="Generic"/>
      <property name="Sheetname" value="MCP2515"/>
      <property name="Sheetfile" value="test-project1 sheets/mcp2515.kicad_sch"/>
      <property name="ki_keywords" value="test point tp"/>
      <property name="ki_fp_filters" value="Pin* Test*"/>
      <sheetpath names="/MCP2515/" tstamps="/91d854d1-c9de-49bf-bae9-8595b050653a/"/>
      <tstamps>e3526358-4611-4059-9af6-ed5f7e157910</tstamps>
    </comp>
    <comp ref="U6">
      <value>MCP2515T-E/SO</value>
      <footprint>Package_SO:SOIC-18W_7.5x11.6mm_P1.27mm</footprint>
      <datasheet>http://ww1.microchip.com/downloads/en/DeviceDoc/21801e.pdf</datasheet>
      <description>Stand-Alone CAN Controller with SPI Interface, SOIC-18</description>
      <fields>
        <field name="MPN">MCP2515T-E/SO</field>
        <field name="Footprint">Package_SO:SOIC-18W_7.5x11.6mm_P1.27mm</field>
        <field name="Datasheet">http://ww1.microchip.com/downloads/en/DeviceDoc/21801e.pdf</field>
        <field name="Description">Stand-Alone CAN Controller with SPI Interface, SOIC-18</field>
      </fields>
      <libsource lib="Interface_CAN_LIN" part="MCP2515-xSO" description="Stand-Alone CAN Controller with SPI Interface, SOIC-18"/>
      <property name="MPN" value="MCP2515T-E/SO"/>
      <property name="Sheetname" value="MCP2515"/>
      <property name="Sheetfile" value="test-project1 sheets/mcp2515.kicad_sch"/>
      <property name="ki_keywords" value="CAN Controller SPI"/>
      <property name="ki_fp_filters" value="SOIC*7.5x11.6mm*P1.27mm*"/>
      <sheetpath names="/MCP2515/" tstamps="/91d854d1-c9de-49bf-bae9-8595b050653a/"/>
      <tstamps>f06d2969-d97c-44df-a8a3-f0830f2fbd51</tstamps>
    </comp>
    <comp ref="Y3">
      <value>16 MHz</value>
      <footprint>Crystal:Crystal_SMD_5032-2Pin_5.0x3.2mm_HandSoldering</footprint>
      <datasheet>~</datasheet>
      <description>Two pin crystal</description>
      <fields>
        <field name="Rating"/>
        <field name="MPN">NX5032GA-16.000M-LN-CD-1</field>
        <field name="Footprint">Crystal:Crystal_SMD_5032-2Pin_5.0x3.2mm_HandSoldering</field>
        <field name="Datasheet">~</field>
        <field name="Description">Two pin crystal</field>
      </fields>
      <libsource lib="Device" part="Crystal" description="Two pin crystal"/>
      <property name="Rating" value=""/>
      <property name="MPN" value="NX5032GA-16.000M-LN-CD-1"/>
      <property name="Sheetname" value="MCP2515"/>
      <property name="Sheetfile" value="test-project1 sheets/mcp2515.kicad_sch"/>
      <property name="ki_keywords" value="quartz ceramic resonator oscillator"/>
      <property name="ki_fp_filters" value="Crystal*"/>
      <sheetpath names="/MCP2515/" tstamps="/91d854d1-c9de-49bf-bae9-8595b050653a/"/>
      <tstamps>f51a3f97-4bde-44be-9f62-02249ee64712</tstamps>
    </comp>
    <comp ref="J7">
      <value>Conn_01x20_Pin</value>
      <footprint>Connector_IDC:IDC-Header_2x10_P2.54mm_Horizontal</footprint>
      <datasheet>~</datasheet>
      <description>Generic connector, single row, 01x20, script generated</description>
      <fields>
        <field name="MPN">61202021721</field>
        <field name="Footprint">Connector_IDC:IDC-Header_2x10_P2.54mm_Horizontal</field>
        <field name="Datasheet">~</field>
        <field name="Description">Generic connector, single row, 01x20, script generated</field>
      </fields>
      <libsource lib="Connector" part="Conn_01x20_Pin" description="Generic connector, single row, 01x20, script generated"/>
      <property name="MPN" value="61202021721"/>
      <property name="Sheetname" value="Output IDC Connector"/>
      <property name="Sheetfile" value="test-project1 sheets/output-idc-connector.kicad_sch"/>
      <property name="ki_keywords" value="connector"/>
      <property name="ki_fp_filters" value="Connector*:*_1x??_*"/>
      <sheetpath names="/Output IDC Connector/" tstamps="/30b1eba1-7b77-41a4-a36e-d0e938042996/"/>
      <tstamps>9988d620-a12d-42fd-ba73-7901b4f96e60</tstamps>
    </comp>
    <comp ref="C18">
      <value>100n</value>
      <footprint>Capacitor_SMD:C_0603_1608Metric_Pad1.08x0.95mm_HandSolder</footprint>
      <datasheet>~</datasheet>
      <description>Unpolarized capacitor, small symbol</description>
      <fields>
        <field name="Rating">6V3</field>
        <field name="MPN">Generic</field>
        <field name="Footprint">Capacitor_SMD:C_0603_1608Metric_Pad1.08x0.95mm_HandSolder</field>
        <field name="Datasheet">~</field>
        <field name="Description">Unpolarized capacitor, small symbol</field>
      </fields>
      <libsource lib="Device" part="C_Small" description="Unpolarized capacitor, small symbol"/>
      <property name="Rating" value="6V3"/>
      <property name="MPN" value="Generic"/>
      <property name="Sheetname" value="ATA6561"/>
      <property name="Sheetfile" value="test-project1 sheets/ata6561.kicad_sch"/>
      <property name="ki_keywords" value="capacitor cap"/>
      <property name="ki_fp_filters" value="C_*"/>
      <sheetpath names="/ATA6561/" tstamps="/84213fca-4bde-4fcd-acda-a597b1e2581c/"/>
      <tstamps>d621698c-aff7-410a-b44d-a4f54d4f6f01</tstamps>
    </comp>
    <comp ref="C19">
      <value>100n</value>
      <footprint>Capacitor_SMD:C_0603_1608Metric_Pad1.08x0.95mm_HandSolder</footprint>
      <datasheet>~</datasheet>
      <description>Unpolarized capacitor, small symbol</description>
      <fields>
        <field name="Rating">10V</field>
        <field name="MPN">Generic</field>
        <field name="Footprint">Capacitor_SMD:C_0603_1608Metric_Pad1.08x0.95mm_HandSolder</field>
        <field name="Datasheet">~</field>
        <field name="Description">Unpolarized capacitor, small symbol</field>
      </fields>
      <libsource lib="Device" part="C_Small" description="Unpolarized capacitor, small symbol"/>
      <property name="Rating" value="10V"/>
      <property name="MPN" value="Generic"/>
      <property name="Sheetname" value="ATA6561"/>
      <property name="Sheetfile" value="test-project1 sheets/ata6561.kicad_sch"/>
      <property name="ki_keywords" value="capacitor cap"/>
      <property name="ki_fp_filters" value="C_*"/>
      <sheetpath names="/ATA6561/" tstamps="/84213fca-4bde-4fcd-acda-a597b1e2581c/"/>
      <tstamps>6369b399-3d32-45d5-9d94-69e4a4ab550e</tstamps>
    </comp>
    <comp ref="NT1">
      <value>NetTie_2</value>
      <footprint>NetTie:NetTie-2_SMD_Pad0.5mm</footprint>
      <datasheet>~</datasheet>
      <description>Net tie, 2 pins</description>
      <fields>
        <field name="Footprint">NetTie:NetTie-2_SMD_Pad0.5mm</field>
        <field name="Datasheet">~</field>
        <field name="Description">Net tie, 2 pins</field>
      </fields>
      <libsource lib="Device" part="NetTie_2" description="Net tie, 2 pins"/>
      <property name="Sheetname" value="ATA6561"/>
      <property name="Sheetfile" value="test-project1 sheets/ata6561.kicad_sch"/>
      <property name="exclude_from_bom"/>
      <property name="ki_keywords" value="net tie short"/>
      <property name="ki_fp_filters" value="Net*Tie*"/>
      <sheetpath names="/ATA6561/" tstamps="/84213fca-4bde-4fcd-acda-a597b1e2581c/"/>
      <tstamps>bffb64d5-1bea-4390-8eec-41e0e13db223</tstamps>
    </comp>
    <comp ref="R11">
      <value>120R</value>
      <footprint>Resistor_SMD:R_1206_3216Metric_Pad1.30x1.75mm_HandSolder</footprint>
      <datasheet>~</datasheet>
      <description>Resistor</description>
      <fields>
        <field name="MPN">RCC1206120RFKEA </field>
        <field name="Rating">0.2W</field>
        <field name="Footprint">Resistor_SMD:R_1206_3216Metric_Pad1.30x1.75mm_HandSolder</field>
        <field name="Datasheet">~</field>
        <field name="Description">Resistor</field>
      </fields>
      <libsource lib="Device" part="R" description="Resistor"/>
      <property name="MPN" value="RCC1206120RFKEA "/>
      <property name="Rating" value="0.2W"/>
      <property name="Sheetname" value="ATA6561"/>
      <property name="Sheetfile" value="test-project1 sheets/ata6561.kicad_sch"/>
      <property name="ki_keywords" value="R res resistor"/>
      <property name="ki_fp_filters" value="R_*"/>
      <sheetpath names="/ATA6561/" tstamps="/84213fca-4bde-4fcd-acda-a597b1e2581c/"/>
      <tstamps>d161aa3e-4b03-43ad-912e-e48885f5c127</tstamps>
    </comp>
    <comp ref="R12">
      <value>100R</value>
      <footprint>Resistor_SMD:R_0603_1608Metric_Pad0.98x0.95mm_HandSolder</footprint>
      <datasheet>~</datasheet>
      <description>Resistor</description>
      <fields>
        <field name="MPN">Generic</field>
        <field name="Footprint">Resistor_SMD:R_0603_1608Metric_Pad0.98x0.95mm_HandSolder</field>
        <field name="Datasheet">~</field>
        <field name="Description">Resistor</field>
      </fields>
      <libsource lib="Device" part="R" description="Resistor"/>
      <property name="MPN" value="Generic"/>
      <property name="Sheetname" value="ATA6561"/>
      <property name="Sheetfile" value="test-project1 sheets/ata6561.kicad_sch"/>
      <property name="ki_keywords" value="R res resistor"/>
      <property name="ki_fp_filters" value="R_*"/>
      <sheetpath names="/ATA6561/" tstamps="/84213fca-4bde-4fcd-acda-a597b1e2581c/"/>
      <tstamps>064e5cf1-6e1c-4993-9552-1fba3a130578</tstamps>
    </comp>
    <comp ref="TP19">
      <value>TestPoint_Small</value>
      <footprint>TestPoint:TestPoint_Pad_D1.5mm</footprint>
      <datasheet>~</datasheet>
      <description>test point</description>
      <fields>
        <field name="MPN">Generic</field>
        <field name="Footprint">TestPoint:TestPoint_Pad_D1.5mm</field>
        <field name="Datasheet">~</field>
        <field name="Description">test point</field>
      </fields>
      <libsource lib="Connector" part="TestPoint_Small" description="test point"/>
      <property name="MPN" value="Generic"/>
      <property name="Sheetname" value="ATA6561"/>
      <property name="Sheetfile" value="test-project1 sheets/ata6561.kicad_sch"/>
      <property name="ki_keywords" value="test point tp"/>
      <property name="ki_fp_filters" value="Pin* Test*"/>
      <sheetpath names="/ATA6561/" tstamps="/84213fca-4bde-4fcd-acda-a597b1e2581c/"/>
      <tstamps>01fa54ff-f2a1-490a-b00c-efd0c99e1047</tstamps>
    </comp>
    <comp ref="TP20">
      <value>TestPoint_Small</value>
      <footprint>TestPoint:TestPoint_Pad_D1.5mm</footprint>
      <datasheet>~</datasheet>
      <description>test point</description>
      <fields>
        <field name="MPN">Generic</field>
        <field name="Footprint">TestPoint:TestPoint_Pad_D1.5mm</field>
        <field name="Datasheet">~</field>
        <field name="Description">test point</field>
      </fields>
      <libsource lib="Connector" part="TestPoint_Small" description="test point"/>
      <property name="MPN" value="Generic"/>
      <property name="Sheetname" value="ATA6561"/>
      <property name="Sheetfile" value="test-project1 sheets/ata6561.kicad_sch"/>
      <property name="ki_keywords" value="test point tp"/>
      <property name="ki_fp_filters" value="Pin* Test*"/>
      <sheetpath names="/ATA6561/" tstamps="/84213fca-4bde-4fcd-acda-a597b1e2581c/"/>
      <tstamps>4f6397c6-9b0d-40d0-a29b-6a2aba5204ca</tstamps>
    </comp>
    <comp ref="U7">
      <value>ATA6561-GA</value>
      <footprint>Package_SO:SOIC-8_3.9x4.9mm_P1.27mm</footprint>
      <datasheet>https://ww1.microchip.com/downloads/aemDocuments/documents/OTH/ProductDocuments/DataSheets/20005991B.pdf</datasheet>
      <description>CAN-FD Transceiver,  5Mbps, 5V VCC, 3.3V to 5V VIO, standby mode, SOIC-8</description>
      <fields>
        <field name="Created">Paul Pickering 02/05/2025</field>
        <field name="Checked">Chris Thomas 06/05/2025</field>
        <field name="MPN">ATA6561-GAQW-N </field>
        <field name="Footprint">Package_SO:SOIC-8_3.9x4.9mm_P1.27mm</field>
        <field name="Datasheet">https://ww1.microchip.com/downloads/aemDocuments/documents/OTH/ProductDocuments/DataSheets/20005991B.pdf</field>
        <field name="Description">CAN-FD Transceiver,  5Mbps, 5V VCC, 3.3V to 5V VIO, standby mode, SOIC-8</field>
      </fields>
      <libsource lib="Interface_CAN_LIN_MAGE" part="ATA6561-GA" description="CAN-FD Transceiver,  5Mbps, 5V VCC, 3.3V to 5V VIO, standby mode, SOIC-8"/>
      <property name="Created" value="Paul Pickering 02/05/2025"/>
      <property name="Checked" value="Chris Thomas 06/05/2025"/>
      <property name="MPN" value="ATA6561-GAQW-N "/>
      <property name="Sheetname" value="ATA6561"/>
      <property name="Sheetfile" value="test-project1 sheets/ata6561.kicad_sch"/>
      <property name="ki_keywords" value="CAN high-speed "/>
      <property name="ki_fp_filters" value="SOIC*3.9x4.9mm*P1.27mm*"/>
      <sheetpath names="/ATA6561/" tstamps="/84213fca-4bde-4fcd-acda-a597b1e2581c/"/>
      <tstamps>84a574ce-0094-4898-b149-7486b9abb649</tstamps>
    </comp>
    <comp ref="J8">
      <value>Conn_01x08_Pin</value>
      <footprint>Connector_IDC:IDC-Header_2x04_P2.54mm_Horizontal</footprint>
      <datasheet>~</datasheet>
      <description>Generic connector, single row, 01x08, script generated</description>
      <fields>
        <field name="MPN">61200821721</field>
        <field name="Footprint">Connector_IDC:IDC-Header_2x04_P2.54mm_Horizontal</field>
        <field name="Datasheet">~</field>
        <field name="Description">Generic connector, single row, 01x08, script generated</field>
      </fields>
      <libsource lib="Connector" part="Conn_01x08_Pin" description="Generic connector, single row, 01x08, script generated"/>
      <property name="MPN" value="61200821721"/>
      <property name="Sheetname" value="External MCU Connector"/>
      <property name="Sheetfile" value="test-project1 sheets/ext-mcu-conn.kicad_sch"/>
      <property name="ki_keywords" value="connector"/>
      <property name="ki_fp_filters" value="Connector*:*_1x??_*"/>
      <sheetpath names="/External MCU Connector/" tstamps="/e72b7f1d-cddb-4b3c-bce6-d73973b3a927/"/>
      <tstamps>1d5f2582-3dc0-4e93-88e9-8e5aa30bc799</tstamps>
    </comp>
    <comp ref="TP9">
      <value>TestPoint_Small</value>
      <footprint>TestPoint:TestPoint_Pad_D1.5mm</footprint>
      <datasheet>~</datasheet>
      <description>test point</description>
      <fields>
        <field name="MPN">Generic</field>
        <field name="Footprint">TestPoint:TestPoint_Pad_D1.5mm</field>
        <field name="Datasheet">~</field>
        <field name="Description">test point</field>
      </fields>
      <libsource lib="Connector" part="TestPoint_Small" description="test point"/>
      <property name="MPN" value="Generic"/>
      <property name="Sheetname" value="External MCU Connector"/>
      <property name="Sheetfile" value="test-project1 sheets/ext-mcu-conn.kicad_sch"/>
      <property name="ki_keywords" value="test point tp"/>
      <property name="ki_fp_filters" value="Pin* Test*"/>
      <sheetpath names="/External MCU Connector/" tstamps="/e72b7f1d-cddb-4b3c-bce6-d73973b3a927/"/>
      <tstamps>03c0cfa3-d4e7-4540-9469-602c9b0cbc7f</tstamps>
    </comp>
  </components>
  <libparts>
    <libpart lib="Analog_Switch_MAGE" part="TMUX1574PW">
      <description>Low-Capacitance, 2:1 (SPDT) 4-Channel, Powered-Off Protected Switch with 1.8 V Logic, TSSOP-16</description>
      <docs>https://www.ti.com/lit/ds/symlink/tmux1574.pdf</docs>
      <footprints>
        <fp>TSSOP?16*4.4x5mm*P0.65mm*</fp>
      </footprints>
      <fields>
        <field name="Reference">U</field>
        <field name="Value">TMUX1574PW</field>
        <field name="Footprint">Package_SO:TSSOP-16_4.4x5mm_P0.65mm</field>
        <field name="Datasheet">https://www.ti.com/lit/ds/symlink/tmux1574.pdf</field>
        <field name="Description">Low-Capacitance, 2:1 (SPDT) 4-Channel, Powered-Off Protected Switch with 1.8 V Logic, TSSOP-16</field>
        <field name="Created">Yiannis Michael. 15/05/2025</field>
        <field name="Checked">Chris Thomas, 16/05/2025</field>
      </fields>
      <pins>
        <pin num="1" name="SEL" type="input"/>
        <pin num="2" name="S1A" type="bidirectional"/>
        <pin num="3" name="S1B" type="bidirectional"/>
        <pin num="4" name="D1" type="bidirectional"/>
        <pin num="5" name="S2A" type="bidirectional"/>
        <pin num="6" name="S2B" type="bidirectional"/>
        <pin num="7" name="D2" type="bidirectional"/>
        <pin num="8" name="GND" type="power_in"/>
        <pin num="9" name="D3" type="bidirectional"/>
        <pin num="10" name="S3B" type="bidirectional"/>
        <pin num="11" name="S3A" type="bidirectional"/>
        <pin num="12" name="D4" type="bidirectional"/>
        <pin num="13" name="S4B" type="bidirectional"/>
        <pin num="14" name="S4A" type="bidirectional"/>
        <pin num="15" name="~{EN}" type="input"/>
        <pin num="16" name="VDD" type="power_in"/>
      </pins>
    </libpart>
    <libpart lib="Connector" part="Conn_01x02_Pin">
      <description>Generic connector, single row, 01x02, script generated</description>
      <docs>~</docs>
      <footprints>
        <fp>Connector*:*_1x??_*</fp>
      </footprints>
      <fields>
        <field name="Reference">J</field>
        <field name="Value">Conn_01x02_Pin</field>
        <field name="Footprint"/>
        <field name="Datasheet">~</field>
        <field name="Description">Generic connector, single row, 01x02, script generated</field>
      </fields>
      <pins>
        <pin num="1" name="Pin_1" type="passive"/>
        <pin num="2" name="Pin_2" type="passive"/>
      </pins>
    </libpart>
    <libpart lib="Connector" part="Conn_01x08_Pin">
      <description>Generic connector, single row, 01x08, script generated</description>
      <docs>~</docs>
      <footprints>
        <fp>Connector*:*_1x??_*</fp>
      </footprints>
      <fields>
        <field name="Reference">J</field>
        <field name="Value">Conn_01x08_Pin</field>
        <field name="Footprint"/>
        <field name="Datasheet">~</field>
        <field name="Description">Generic connector, single row, 01x08, script generated</field>
      </fields>
      <pins>
        <pin num="1" name="Pin_1" type="passive"/>
        <pin num="2" name="Pin_2" type="passive"/>
        <pin num="3" name="Pin_3" type="passive"/>
        <pin num="4" name="Pin_4" type="passive"/>
        <pin num="5" name="Pin_5" type="passive"/>
        <pin num="6" name="Pin_6" type="passive"/>
        <pin num="7" name="Pin_7" type="passive"/>
        <pin num="8" name="Pin_8" type="passive"/>
      </pins>
    </libpart>
    <libpart lib="Connector" part="Conn_01x20_Pin">
      <description>Generic connector, single row, 01x20, script generated</description>
      <docs>~</docs>
      <footprints>
        <fp>Connector*:*_1x??_*</fp>
      </footprints>
      <fields>
        <field name="Reference">J</field>
        <field name="Value">Conn_01x20_Pin</field>
        <field name="Footprint"/>
        <field name="Datasheet">~</field>
        <field name="Description">Generic connector, single row, 01x20, script generated</field>
      </fields>
      <pins>
        <pin num="1" name="Pin_1" type="passive"/>
        <pin num="2" name="Pin_2" type="passive"/>
        <pin num="3" name="Pin_3" type="passive"/>
        <pin num="4" name="Pin_4" type="passive"/>
        <pin num="5" name="Pin_5" type="passive"/>
        <pin num="6" name="Pin_6" type="passive"/>
        <pin num="7" name="Pin_7" type="passive"/>
        <pin num="8" name="Pin_8" type="passive"/>
        <pin num="9" name="Pin_9" type="passive"/>
        <pin num="10" name="Pin_10" type="passive"/>
        <pin num="11" name="Pin_11" type="passive"/>
        <pin num="12" name="Pin_12" type="passive"/>
        <pin num="13" name="Pin_13" type="passive"/>
        <pin num="14" name="Pin_14" type="passive"/>
        <pin num="15" name="Pin_15" type="passive"/>
        <pin num="16" name="Pin_16" type="passive"/>
        <pin num="17" name="Pin_17" type="passive"/>
        <pin num="18" name="Pin_18" type="passive"/>
        <pin num="19" name="Pin_19" type="passive"/>
        <pin num="20" name="Pin_20" type="passive"/>
      </pins>
    </libpart>
    <libpart lib="Connector" part="TestPoint_Small">
      <description>test point</description>
      <docs>~</docs>
      <footprints>
        <fp>Pin*</fp>
        <fp>Test*</fp>
      </footprints>
      <fields>
        <field name="Reference">TP</field>
        <field name="Value">TestPoint_Small</field>
        <field name="Footprint"/>
        <field name="Datasheet">~</field>
        <field name="Description">test point</field>
      </fields>
      <pins>
        <pin num="1" name="1" type="passive"/>
      </pins>
    </libpart>
    <libpart lib="Connector" part="USB_B_Micro">
      <description>USB Micro Type B connector</description>
      <docs>~</docs>
      <footprints>
        <fp>USB*</fp>
      </footprints>
      <fields>
        <field name="Reference">J</field>
        <field name="Value">USB_B_Micro</field>
        <field name="Footprint"/>
        <field name="Datasheet">~</field>
        <field name="Description">USB Micro Type B connector</field>
      </fields>
      <pins>
        <pin num="1" name="VBUS" type="power_out"/>
        <pin num="2" name="D-" type="bidirectional"/>
        <pin num="3" name="D+" type="bidirectional"/>
        <pin num="4" name="ID" type="passive"/>
        <pin num="5" name="GND" type="power_out"/>
        <pin num="6" name="Shield" type="passive"/>
      </pins>
    </libpart>
    <libpart lib="Connector" part="USB_C_Receptacle_USB2.0_14P">
      <description>USB 2.0-only 14P Type-C Receptacle connector</description>
      <docs>https://www.usb.org/sites/default/files/documents/usb_type-c.zip</docs>
      <footprints>
        <fp>USB*C*Receptacle*</fp>
      </footprints>
      <fields>
        <field name="Reference">J</field>
        <field name="Value">USB_C_Receptacle_USB2.0_14P</field>
        <field name="Footprint"/>
        <field name="Datasheet">https://www.usb.org/sites/default/files/documents/usb_type-c.zip</field>
        <field name="Description">USB 2.0-only 14P Type-C Receptacle connector</field>
      </fields>
      <pins>
        <pin num="A1" name="GND" type="passive"/>
        <pin num="A4" name="VBUS" type="passive"/>
        <pin num="A5" name="CC1" type="bidirectional"/>
        <pin num="A6" name="D+" type="bidirectional"/>
        <pin num="A7" name="D-" type="bidirectional"/>
        <pin num="A9" name="VBUS" type="passive"/>
        <pin num="A12" name="GND" type="passive"/>
        <pin num="B1" name="GND" type="passive"/>
        <pin num="B4" name="VBUS" type="passive"/>
        <pin num="B5" name="CC2" type="bidirectional"/>
        <pin num="B6" name="D+" type="bidirectional"/>
        <pin num="B7" name="D-" type="bidirectional"/>
        <pin num="B9" name="VBUS" type="passive"/>
        <pin num="B12" name="GND" type="passive"/>
        <pin num="S1" name="SHIELD" type="passive"/>
      </pins>
    </libpart>
    <libpart lib="Connector_Generic" part="Conn_02x05_Odd_Even">
      <description>Generic connector, double row, 02x05, odd/even pin numbering scheme (row 1 odd numbers, row 2 even numbers), script generated (kicad-library-utils/schlib/autogen/connector/)</description>
      <docs>~</docs>
      <footprints>
        <fp>Connector*:*_2x??_*</fp>
      </footprints>
      <fields>
        <field name="Reference">J</field>
        <field name="Value">Conn_02x05_Odd_Even</field>
        <field name="Footprint"/>
        <field name="Datasheet">~</field>
        <field name="Description">Generic connector, double row, 02x05, odd/even pin numbering scheme (row 1 odd numbers, row 2 even numbers), script generated (kicad-library-utils/schlib/autogen/connector/)</field>
      </fields>
      <pins>
        <pin num="1" name="Pin_1" type="passive"/>
        <pin num="2" name="Pin_2" type="passive"/>
        <pin num="3" name="Pin_3" type="passive"/>
        <pin num="4" name="Pin_4" type="passive"/>
        <pin num="5" name="Pin_5" type="passive"/>
        <pin num="6" name="Pin_6" type="passive"/>
        <pin num="7" name="Pin_7" type="passive"/>
        <pin num="8" name="Pin_8" type="passive"/>
        <pin num="9" name="Pin_9" type="passive"/>
        <pin num="10" name="Pin_10" type="passive"/>
      </pins>
    </libpart>
    <libpart lib="Device" part="C_Small">
      <description>Unpolarized capacitor, small symbol</description>
      <docs>~</docs>
      <footprints>
        <fp>C_*</fp>
      </footprints>
      <fields>
        <field name="Reference">C</field>
        <field name="Value">C_Small</field>
        <field name="Footprint"/>
        <field name="Datasheet">~</field>
        <field name="Description">Unpolarized capacitor, small symbol</field>
      </fields>
      <pins>
        <pin num="1" name="" type="passive"/>
        <pin num="2" name="" type="passive"/>
      </pins>
    </libpart>
    <libpart lib="Device" part="Crystal">
      <description>Two pin crystal</description>
      <docs>~</docs>
      <footprints>
        <fp>Crystal*</fp>
      </footprints>
      <fields>
        <field name="Reference">Y</field>
        <field name="Value">Crystal</field>
        <field name="Footprint"/>
        <field name="Datasheet">~</field>
        <field name="Description">Two pin crystal</field>
      </fields>
      <pins>
        <pin num="1" name="1" type="passive"/>
        <pin num="2" name="2" type="passive"/>
      </pins>
    </libpart>
    <libpart lib="Device" part="Fuse">
      <description>Fuse</description>
      <docs>~</docs>
      <footprints>
        <fp>*Fuse*</fp>
      </footprints>
      <fields>
        <field name="Reference">F</field>
        <field name="Value">Fuse</field>
        <field name="Footprint"/>
        <field name="Datasheet">~</field>
        <field name="Description">Fuse</field>
      </fields>
      <pins>
        <pin num="1" name="" type="passive"/>
        <pin num="2" name="" type="passive"/>
      </pins>
    </libpart>
    <libpart lib="Device" part="LED">
      <description>Light emitting diode</description>
      <docs>~</docs>
      <footprints>
        <fp>LED*</fp>
        <fp>LED_SMD:*</fp>
        <fp>LED_THT:*</fp>
      </footprints>
      <fields>
        <field name="Reference">D</field>
        <field name="Value">LED</field>
        <field name="Footprint"/>
        <field name="Datasheet">~</field>
        <field name="Description">Light emitting diode</field>
        <field name="Sim.Pins">1=K 2=A</field>
      </fields>
      <pins>
        <pin num="1" name="K" type="passive"/>
        <pin num="2" name="A" type="passive"/>
      </pins>
    </libpart>
    <libpart lib="Device" part="NetTie_2">
      <description>Net tie, 2 pins</description>
      <docs>~</docs>
      <footprints>
        <fp>Net*Tie*</fp>
      </footprints>
      <fields>
        <field name="Reference">NT</field>
        <field name="Value">NetTie_2</field>
        <field name="Footprint"/>
        <field name="Datasheet">~</field>
        <field name="Description">Net tie, 2 pins</field>
      </fields>
      <pins>
        <pin num="1" name="1" type="passive"/>
        <pin num="2" name="2" type="passive"/>
      </pins>
    </libpart>
    <libpart lib="Device" part="R">
      <description>Resistor</description>
      <docs>~</docs>
      <footprints>
        <fp>R_*</fp>
      </footprints>
      <fields>
        <field name="Reference">R</field>
        <field name="Value">R</field>
        <field name="Footprint"/>
        <field name="Datasheet">~</field>
        <field name="Description">Resistor</field>
      </fields>
      <pins>
        <pin num="1" name="" type="passive"/>
        <pin num="2" name="" type="passive"/>
      </pins>
    </libpart>
    <libpart lib="Interface_CAN_LIN" part="MCP2515-xSO">
      <description>Stand-Alone CAN Controller with SPI Interface, SOIC-18</description>
      <docs>http://ww1.microchip.com/downloads/en/DeviceDoc/21801e.pdf</docs>
      <footprints>
        <fp>SOIC*7.5x11.6mm*P1.27mm*</fp>
      </footprints>
      <fields>
        <field name="Reference">U</field>
        <field name="Value">MCP2515-xSO</field>
        <field name="Footprint">Package_SO:SOIC-18W_7.5x11.6mm_P1.27mm</field>
        <field name="Datasheet">http://ww1.microchip.com/downloads/en/DeviceDoc/21801e.pdf</field>
        <field name="Description">Stand-Alone CAN Controller with SPI Interface, SOIC-18</field>
      </fields>
      <pins>
        <pin num="1" name="TXCAN" type="output"/>
        <pin num="2" name="RXCAN" type="input"/>
        <pin num="3" name="CLKOUT/SOF" type="output"/>
        <pin num="4" name="~{TX0RTS}" type="input"/>
        <pin num="5" name="~{TX1RTS}" type="input"/>
        <pin num="6" name="~{TX2RTS}" type="input"/>
        <pin num="7" name="OSC2" type="output"/>
        <pin num="8" name="OSC1" type="input"/>
        <pin num="9" name="VSS" type="power_in"/>
        <pin num="10" name="~{RX1BF}" type="output"/>
        <pin num="11" name="~{RX0BF}" type="output"/>
        <pin num="12" name="~{INT}" type="output"/>
        <pin num="13" name="SCK" type="input"/>
        <pin num="14" name="SI" type="input"/>
        <pin num="15" name="SO" type="output"/>
        <pin num="16" name="~{CS}" type="input"/>
        <pin num="17" name="~{RESET}" type="input"/>
        <pin num="18" name="VDD" type="power_in"/>
      </pins>
    </libpart>
    <libpart lib="Interface_CAN_LIN_MAGE" part="ATA6561-GA">
      <description>CAN-FD Transceiver,  5Mbps, 5V VCC, 3.3V to 5V VIO, standby mode, SOIC-8</description>
      <docs>https://ww1.microchip.com/downloads/aemDocuments/documents/OTH/ProductDocuments/DataSheets/20005991B.pdf</docs>
      <footprints>
        <fp>SOIC*3.9x4.9mm*P1.27mm*</fp>
      </footprints>
      <fields>
        <field name="Reference">U</field>
        <field name="Value">ATA6561-GA</field>
        <field name="Footprint">Package_SO:SOIC-8_3.9x4.9mm_P1.27mm</field>
        <field name="Datasheet">https://ww1.microchip.com/downloads/aemDocuments/documents/OTH/ProductDocuments/DataSheets/20005991B.pdf</field>
        <field name="Description">CAN-FD Transceiver,  5Mbps, 5V VCC, 3.3V to 5V VIO, standby mode, SOIC-8</field>
        <field name="Created">Paul Pickering 02/05/2025</field>
        <field name="Checked">Chris Thomas 06/05/2025</field>
      </fields>
      <pins>
        <pin num="1" name="TXD" type="input"/>
        <pin num="2" name="GND" type="power_in"/>
        <pin num="3" name="VCC" type="power_in"/>
        <pin num="4" name="RXD" type="output"/>
        <pin num="5" name="VIO" type="power_in"/>
        <pin num="6" name="CANL" type="bidirectional"/>
        <pin num="7" name="CANH" type="bidirectional"/>
        <pin num="8" name="STBY" type="input"/>
      </pins>
    </libpart>
    <libpart lib="Interface_USB" part="CH340G">
      <description>USB serial converter, UART, SOIC-16</description>
      <docs>http://www.datasheet5.com/pdf-local-2195953</docs>
      <footprints>
        <fp>SOIC*3.9x9.9mm*P1.27mm*</fp>
      </footprints>
      <fields>
        <field name="Reference">U</field>
        <field name="Value">CH340G</field>
        <field name="Footprint">Package_SO:SOIC-16_3.9x9.9mm_P1.27mm</field>
        <field name="Datasheet">http://www.datasheet5.com/pdf-local-2195953</field>
        <field name="Description">USB serial converter, UART, SOIC-16</field>
      </fields>
      <pins>
        <pin num="1" name="GND" type="power_in"/>
        <pin num="2" name="TXD" type="output"/>
        <pin num="3" name="RXD" type="input"/>
        <pin num="4" name="V3" type="power_out"/>
        <pin num="5" name="UD+" type="bidirectional"/>
        <pin num="6" name="UD-" type="bidirectional"/>
        <pin num="7" name="XI" type="input"/>
        <pin num="8" name="XO" type="output"/>
        <pin num="9" name="~{CTS}" type="input"/>
        <pin num="10" name="~{DSR}" type="input"/>
        <pin num="11" name="~{RI}" type="input"/>
        <pin num="12" name="~{DCD}" type="input"/>
        <pin num="13" name="~{DTR}" type="output"/>
        <pin num="14" name="~{RTS}" type="output"/>
        <pin num="15" name="R232" type="input"/>
        <pin num="16" name="VCC" type="power_in"/>
      </pins>
    </libpart>
    <libpart lib="Jumper" part="Jumper_2_Small_Open">
      <description>Jumper, 2-pole, small symbol, open</description>
      <docs>~</docs>
      <footprints>
        <fp>Jumper*</fp>
        <fp>TestPoint*2Pads*</fp>
        <fp>TestPoint*Bridge*</fp>
      </footprints>
      <fields>
        <field name="Reference">JP</field>
        <field name="Value">Jumper_2_Small_Open</field>
        <field name="Footprint"/>
        <field name="Datasheet">~</field>
        <field name="Description">Jumper, 2-pole, small symbol, open</field>
      </fields>
      <pins>
        <pin num="1" name="A" type="passive"/>
        <pin num="2" name="B" type="passive"/>
      </pins>
    </libpart>
    <libpart lib="MCU_Microchip_ATmega" part="ATmega328PB-A">
      <description>20MHz, 32kB Flash, 2kB SRAM, 1kB EEPROM, TQFP-32</description>
      <docs>http://ww1.microchip.com/downloads/en/DeviceDoc/40001906C.pdf</docs>
      <footprints>
        <fp>TQFP*7x7mm*P0.8mm*</fp>
      </footprints>
      <fields>
        <field name="Reference">U</field>
        <field name="Value">ATmega328PB-A</field>
        <field name="Footprint">Package_QFP:TQFP-32_7x7mm_P0.8mm</field>
        <field name="Datasheet">http://ww1.microchip.com/downloads/en/DeviceDoc/40001906C.pdf</field>
        <field name="Description">20MHz, 32kB Flash, 2kB SRAM, 1kB EEPROM, TQFP-32</field>
      </fields>
      <pins>
        <pin num="1" name="PD3" type="bidirectional"/>
        <pin num="2" name="PD4" type="bidirectional"/>
        <pin num="3" name="PE0" type="bidirectional"/>
        <pin num="4" name="VCC" type="power_in"/>
        <pin num="5" name="GND" type="power_in"/>
        <pin num="6" name="PE1" type="bidirectional"/>
        <pin num="7" name="XTAL1/PB6" type="bidirectional"/>
        <pin num="8" name="XTAL2/PB7" type="bidirectional"/>
        <pin num="9" name="PD5" type="bidirectional"/>
        <pin num="10" name="PD6" type="bidirectional"/>
        <pin num="11" name="PD7" type="bidirectional"/>
        <pin num="12" name="PB0" type="bidirectional"/>
        <pin num="13" name="PB1" type="bidirectional"/>
        <pin num="14" name="PB2" type="bidirectional"/>
        <pin num="15" name="PB3" type="bidirectional"/>
        <pin num="16" name="PB4" type="bidirectional"/>
        <pin num="17" name="PB5" type="bidirectional"/>
        <pin num="18" name="AVCC" type="power_in"/>
        <pin num="19" name="PE2" type="bidirectional"/>
        <pin num="20" name="AREF" type="passive"/>
        <pin num="21" name="GND" type="passive"/>
        <pin num="22" name="PE3" type="bidirectional"/>
        <pin num="23" name="PC0" type="bidirectional"/>
        <pin num="24" name="PC1" type="bidirectional"/>
        <pin num="25" name="PC2" type="bidirectional"/>
        <pin num="26" name="PC3" type="bidirectional"/>
        <pin num="27" name="PC4" type="bidirectional"/>
        <pin num="28" name="PC5" type="bidirectional"/>
        <pin num="29" name="~{RESET}/PC6" type="bidirectional"/>
        <pin num="30" name="PD0" type="bidirectional"/>
        <pin num="31" name="PD1" type="bidirectional"/>
        <pin num="32" name="PD2" type="bidirectional"/>
      </pins>
    </libpart>
    <libpart lib="Mechanical" part="MountingHole">
      <description>Mounting Hole without connection</description>
      <docs>~</docs>
      <footprints>
        <fp>MountingHole*</fp>
      </footprints>
      <fields>
        <field name="Reference">H</field>
        <field name="Value">MountingHole</field>
        <field name="Footprint"/>
        <field name="Datasheet">~</field>
        <field name="Description">Mounting Hole without connection</field>
      </fields>
    </libpart>
    <libpart lib="Power_Protection" part="ESDA5V3L">
      <description>TVS Diode Array, 5.5V Standoff, 2 Channels, SOT23</description>
      <docs>https://www.st.com/resource/en/datasheet/esdal.pdf</docs>
      <footprints>
        <fp>SOT?23*</fp>
      </footprints>
      <fields>
        <field name="Reference">D</field>
        <field name="Value">ESDA5V3L</field>
        <field name="Footprint">Package_TO_SOT_SMD:SOT-23-3</field>
        <field name="Datasheet">https://www.st.com/resource/en/datasheet/esdal.pdf</field>
        <field name="Description">TVS Diode Array, 5.5V Standoff, 2 Channels, SOT23</field>
      </fields>
      <pins>
        <pin num="1" name="K" type="passive"/>
        <pin num="2" name="K" type="passive"/>
        <pin num="3" name="A" type="passive"/>
      </pins>
    </libpart>
    <libpart lib="Power_Protection" part="TPD2E2U06DRL">
      <description>Dual-Channel High-Speed ESD Protection, SOT-553</description>
      <docs>http://www.ti.com/lit/ds/symlink/tpd2e2u06.pdf</docs>
      <footprints>
        <fp>SOT?553*</fp>
      </footprints>
      <fields>
        <field name="Reference">U</field>
        <field name="Value">TPD2E2U06DRL</field>
        <field name="Footprint">Package_TO_SOT_SMD:SOT-553</field>
        <field name="Datasheet">http://www.ti.com/lit/ds/symlink/tpd2e2u06.pdf</field>
        <field name="Description">Dual-Channel High-Speed ESD Protection, SOT-553</field>
      </fields>
      <pins>
        <pin num="1" name="NC" type="passive"/>
        <pin num="2" name="NC" type="passive"/>
        <pin num="3" name="" type="passive"/>
        <pin num="4" name="" type="passive"/>
        <pin num="5" name="" type="passive"/>
      </pins>
    </libpart>
    <libpart lib="Regulator_Linear" part="TLV76133DCY">
      <description>3.3V, 1A, Low Noise, High-PSRR LDO Regulator, 2.5V...16V input, SOT-223</description>
      <docs>https://www.ti.com/lit/ds/symlink/tlv761.pdf</docs>
      <footprints>
        <fp>SOT*223*</fp>
      </footprints>
      <fields>
        <field name="Reference">U</field>
        <field name="Value">TLV76133DCY</field>
        <field name="Footprint">Package_TO_SOT_SMD:SOT-223-3_TabPin2</field>
        <field name="Datasheet">https://www.ti.com/lit/ds/symlink/tlv761.pdf</field>
        <field name="Description">3.3V, 1A, Low Noise, High-PSRR LDO Regulator, 2.5V...16V input, SOT-223</field>
      </fields>
      <pins>
        <pin num="1" name="GND" type="power_in"/>
        <pin num="2" name="VO" type="power_out"/>
        <pin num="3" name="VI" type="power_in"/>
      </pins>
    </libpart>
    <libpart lib="Switch" part="SW_Push">
      <description>Push button switch, generic, two pins</description>
      <docs>~</docs>
      <fields>
        <field name="Reference">SW</field>
        <field name="Value">SW_Push</field>
        <field name="Footprint"/>
        <field name="Datasheet">~</field>
        <field name="Description">Push button switch, generic, two pins</field>
      </fields>
      <pins>
        <pin num="1" name="1" type="passive"/>
        <pin num="2" name="2" type="passive"/>
      </pins>
    </libpart>
    <libpart lib="Switch" part="SW_Slide_DPDT">
      <description>Slide Switch, dual pole double throw</description>
      <docs>~</docs>
      <fields>
        <field name="Reference">SW</field>
        <field name="Value">SW_Slide_DPDT</field>
        <field name="Footprint"/>
        <field name="Datasheet">~</field>
        <field name="Description">Slide Switch, dual pole double throw</field>
      </fields>
      <pins>
        <pin num="1" name="A" type="passive"/>
        <pin num="2" name="B" type="passive"/>
        <pin num="3" name="C" type="passive"/>
        <pin num="4" name="A" type="passive"/>
        <pin num="5" name="B" type="passive"/>
        <pin num="6" name="C" type="passive"/>
      </pins>
    </libpart>
  </libparts>
  <libraries>
    <library logical="Analog_Switch_MAGE">
      <uri>C:\Users\YiannisMichael\Documents\Electronics_Libraries-KiCAD\symbols/Analog_Switch_MAGE.kicad_sym</uri>
    </library>
    <library logical="Connector">
      <uri>C:\Users\YiannisMichael\AppData\Local\Programs\KiCad\9.0\share\kicad\symbols\/Connector.kicad_sym</uri>
    </library>
    <library logical="Connector_Generic">
      <uri>C:\Users\YiannisMichael\AppData\Local\Programs\KiCad\9.0\share\kicad\symbols\/Connector_Generic.kicad_sym</uri>
    </library>
    <library logical="Device">
      <uri>C:\Users\YiannisMichael\AppData\Local\Programs\KiCad\9.0\share\kicad\symbols\/Device.kicad_sym</uri>
    </library>
    <library logical="Interface_CAN_LIN">
      <uri>C:\Users\YiannisMichael\AppData\Local\Programs\KiCad\9.0\share\kicad\symbols\/Interface_CAN_LIN.kicad_sym</uri>
    </library>
    <library logical="Interface_CAN_LIN_MAGE">
      <uri>C:\Users\YiannisMichael\Documents\Electronics_Libraries-KiCAD\symbols/Interface_CAN_LIN_MAGE.kicad_sym</uri>
    </library>
    <library logical="Interface_USB">
      <uri>C:\Users\YiannisMichael\AppData\Local\Programs\KiCad\9.0\share\kicad\symbols\/Interface_USB.kicad_sym</uri>
    </library>
    <library logical="Jumper">
      <uri>C:\Users\YiannisMichael\AppData\Local\Programs\KiCad\9.0\share\kicad\symbols\/Jumper.kicad_sym</uri>
    </library>
    <library logical="MCU_Microchip_ATmega">
      <uri>C:\Users\YiannisMichael\AppData\Local\Programs\KiCad\9.0\share\kicad\symbols\/MCU_Microchip_ATmega.kicad_sym</uri>
    </library>
    <library logical="Mechanical">
      <uri>C:\Users\YiannisMichael\AppData\Local\Programs\KiCad\9.0\share\kicad\symbols\/Mechanical.kicad_sym</uri>
    </library>
    <library logical="Power_Protection">
      <uri>C:\Users\YiannisMichael\AppData\Local\Programs\KiCad\9.0\share\kicad\symbols\/Power_Protection.kicad_sym</uri>
    </library>
    <library logical="Regulator_Linear">
      <uri>C:\Users\YiannisMichael\AppData\Local\Programs\KiCad\9.0\share\kicad\symbols\/Regulator_Linear.kicad_sym</uri>
    </library>
    <library logical="Switch">
      <uri>C:\Users\YiannisMichael\AppData\Local\Programs\KiCad\9.0\share\kicad\symbols\/Switch.kicad_sym</uri>
    </library>
  </libraries>
  <nets>
    <net code="1" name="+3V3" class="Default">
      <node ref="C10" pin="1" pintype="passive"/>
      <node ref="C12" pin="1" pintype="passive"/>
      <node ref="C13" pin="1" pintype="passive"/>
      <node ref="C14" pin="1" pintype="passive"/>
      <node ref="C17" pin="1" pintype="passive"/>
      <node ref="C18" pin="1" pintype="passive"/>
      <node ref="C3" pin="1" pintype="passive"/>
      <node ref="C4" pin="1" pintype="passive"/>
      <node ref="J1" pin="9" pinfunction="Pin_9" pintype="passive"/>
      <node ref="R10" pin="2" pintype="passive"/>
      <node ref="R2" pin="1" pintype="passive"/>
      <node ref="R3" pin="2" pintype="passive"/>
      <node ref="R4" pin="2" pintype="passive"/>
      <node ref="R6" pin="2" pintype="passive"/>
      <node ref="SW2" pin="4" pinfunction="A" pintype="passive"/>
      <node ref="TP8" pin="1" pinfunction="1" pintype="passive"/>
      <node ref="U1" pin="18" pinfunction="AVCC" pintype="power_in"/>
      <node ref="U1" pin="4" pinfunction="VCC" pintype="power_in"/>
      <node ref="U2" pin="16" pinfunction="VCC" pintype="power_in"/>
      <node ref="U2" pin="4" pinfunction="V3" pintype="power_out"/>
      <node ref="U3" pin="2" pinfunction="VO" pintype="power_out"/>
      <node ref="U4" pin="16" pinfunction="VDD" pintype="power_in"/>
      <node ref="U5" pin="16" pinfunction="VDD" pintype="power_in"/>
      <node ref="U6" pin="18" pinfunction="VDD" pintype="power_in"/>
      <node ref="U7" pin="5" pinfunction="VIO" pintype="power_in"/>
    </net>
    <net code="2" name="+5V" class="Default">
      <node ref="C11" pin="1" pintype="passive"/>
      <node ref="C19" pin="2" pintype="passive"/>
      <node ref="C20" pin="1" pintype="passive"/>
      <node ref="JP1" pin="1" pinfunction="A" pintype="passive"/>
      <node ref="R5" pin="2" pintype="passive"/>
      <node ref="SW2" pin="2" pinfunction="B" pintype="passive"/>
      <node ref="TP7" pin="1" pinfunction="1" pintype="passive"/>
      <node ref="U3" pin="3" pinfunction="VI" pintype="power_in"/>
      <node ref="U7" pin="3" pinfunction="VCC" pintype="power_in"/>
    </net>
    <net code="3" name="/ATA6561/CANH" class="Default">
      <node ref="J7" pin="15" pinfunction="Pin_15" pintype="passive"/>
      <node ref="R11" pin="1" pintype="passive"/>
      <node ref="TP19" pin="1" pinfunction="1" pintype="passive"/>
      <node ref="U7" pin="7" pinfunction="CANH" pintype="bidirectional"/>
    </net>
    <net code="4" name="/ATA6561/CANL" class="Default">
      <node ref="J7" pin="16" pinfunction="Pin_16" pintype="passive"/>
      <node ref="NT1" pin="1" pinfunction="1" pintype="passive"/>
      <node ref="TP20" pin="1" pinfunction="1" pintype="passive"/>
      <node ref="U7" pin="6" pinfunction="CANL" pintype="bidirectional"/>
    </net>
    <net code="5" name="/ATA6561/CANL_JMP1" class="Default">
      <node ref="J7" pin="17" pinfunction="Pin_17" pintype="passive"/>
      <node ref="NT1" pin="2" pinfunction="2" pintype="passive"/>
    </net>
    <net code="6" name="/ATA6561/CANL_JMP2" class="Default">
      <node ref="J7" pin="18" pinfunction="Pin_18" pintype="passive"/>
      <node ref="R11" pin="2" pintype="passive"/>
    </net>
    <net code="7" name="/ATA6561/CAN_RX" class="Default">
      <node ref="TP17" pin="1" pinfunction="1" pintype="passive"/>
      <node ref="U6" pin="2" pinfunction="RXCAN" pintype="input"/>
      <node ref="U7" pin="4" pinfunction="RXD" pintype="output"/>
    </net>
    <net code="8" name="/ATA6561/CAN_TX" class="Default">
      <node ref="TP18" pin="1" pinfunction="1" pintype="passive"/>
      <node ref="U6" pin="1" pinfunction="TXCAN" pintype="output"/>
      <node ref="U7" pin="1" pinfunction="TXD" pintype="input"/>
    </net>
    <net code="11" name="/ATMega/ADC0/GPIO0" class="Default">
      <node ref="J7" pin="4" pinfunction="Pin_4" pintype="passive"/>
      <node ref="U1" pin="23" pinfunction="PC0" pintype="bidirectional"/>
    </net>
    <net code="12" name="/ATMega/ADC1/GPIO1" class="Default">
      <node ref="J7" pin="3" pinfunction="Pin_3" pintype="passive"/>
      <node ref="U1" pin="24" pinfunction="PC1" pintype="bidirectional"/>
    </net>
    <net code="13" name="/ATMega/ADC2/GPIO2" class="Default">
      <node ref="J7" pin="2" pinfunction="Pin_2" pintype="passive"/>
      <node ref="U1" pin="25" pinfunction="PC2" pintype="bidirectional"/>
    </net>
    <net code="14" name="/ATMega/ADC3/GPIO3" class="Default">
      <node ref="J7" pin="1" pinfunction="Pin_1" pintype="passive"/>
      <node ref="U1" pin="26" pinfunction="PC3" pintype="bidirectional"/>
    </net>
    <net code="15" name="/ATMega/ADC4/GPIO4/SDA" class="Default">
      <node ref="J7" pin="6" pinfunction="Pin_6" pintype="passive"/>
      <node ref="R4" pin="1" pintype="passive"/>
      <node ref="TP2" pin="1" pinfunction="1" pintype="passive"/>
      <node ref="U1" pin="27" pinfunction="PC4" pintype="bidirectional"/>
    </net>
    <net code="16" name="/ATMega/ADC5/GPIO5/SCL" class="Default">
      <node ref="J7" pin="5" pinfunction="Pin_5" pintype="passive"/>
      <node ref="R3" pin="1" pintype="passive"/>
      <node ref="TP1" pin="1" pinfunction="1" pintype="passive"/>
      <node ref="U1" pin="28" pinfunction="PC5" pintype="bidirectional"/>
    </net>
    <net code="17" name="/ATMega/ATMEGA_CLK" class="Default">
      <node ref="J1" pin="4" pinfunction="Pin_4" pintype="passive"/>
      <node ref="TP27" pin="1" pinfunction="1" pintype="passive"/>
      <node ref="U1" pin="17" pinfunction="PB5" pintype="bidirectional"/>
      <node ref="U5" pin="3" pinfunction="S1B" pintype="bidirectional"/>
    </net>
    <net code="18" name="/ATMega/ATMEGA_INT" class="Default">
      <node ref="TP28" pin="1" pinfunction="1" pintype="passive"/>
      <node ref="U1" pin="32" pinfunction="PD2" pintype="bidirectional"/>
      <node ref="U4" pin="3" pinfunction="S1B" pintype="bidirectional"/>
    </net>
    <net code="19" name="/ATMega/ATMEGA_MISO" class="Default">
      <node ref="J1" pin="2" pinfunction="Pin_2" pintype="passive"/>
      <node ref="TP29" pin="1" pinfunction="1" pintype="passive"/>
      <node ref="U1" pin="16" pinfunction="PB4" pintype="bidirectional"/>
      <node ref="U4" pin="10" pinfunction="S3B" pintype="bidirectional"/>
    </net>
    <net code="20" name="/ATMega/ATMEGA_MOSI" class="Default">
      <node ref="J1" pin="10" pinfunction="Pin_10" pintype="passive"/>
      <node ref="TP31" pin="1" pinfunction="1" pintype="passive"/>
      <node ref="U1" pin="15" pinfunction="PB3" pintype="bidirectional"/>
      <node ref="U4" pin="13" pinfunction="S4B" pintype="bidirectional"/>
    </net>
    <net code="21" name="/ATMega/ATMEGA_~{CS}" class="Default">
      <node ref="TP30" pin="1" pinfunction="1" pintype="passive"/>
      <node ref="U1" pin="14" pinfunction="PB2" pintype="bidirectional"/>
      <node ref="U4" pin="6" pinfunction="S2B" pintype="bidirectional"/>
    </net>
    <net code="22" name="/ATMega/CH340_RX_ATMEGA_TX" class="Default">
      <node ref="J7" pin="13" pinfunction="Pin_13" pintype="passive"/>
      <node ref="TP6" pin="1" pinfunction="1" pintype="passive"/>
      <node ref="U1" pin="31" pinfunction="PD1" pintype="bidirectional"/>
      <node ref="U2" pin="3" pinfunction="RXD" pintype="input"/>
    </net>
    <net code="23" name="/ATMega/CH340_TX_ATMEGA_RX" class="Default">
      <node ref="J7" pin="14" pinfunction="Pin_14" pintype="passive"/>
      <node ref="TP5" pin="1" pinfunction="1" pintype="passive"/>
      <node ref="U1" pin="30" pinfunction="PD0" pintype="bidirectional"/>
      <node ref="U2" pin="2" pinfunction="TXD" pintype="output"/>
    </net>
    <net code="24" name="/ATMega/OSC1" class="Default">
      <node ref="C1" pin="1" pintype="passive"/>
      <node ref="U1" pin="7" pinfunction="XTAL1/PB6" pintype="bidirectional"/>
      <node ref="Y1" pin="1" pinfunction="1" pintype="passive"/>
    </net>
    <net code="25" name="/ATMega/OSC2" class="Default">
      <node ref="C2" pin="1" pintype="passive"/>
      <node ref="U1" pin="8" pinfunction="XTAL2/PB7" pintype="bidirectional"/>
      <node ref="Y1" pin="2" pinfunction="2" pintype="passive"/>
    </net>
    <net code="26" name="/ATMega/RESET" class="Default">
      <node ref="C6" pin="1" pintype="passive"/>
      <node ref="C7" pin="2" pintype="passive"/>
      <node ref="J1" pin="6" pinfunction="Pin_6" pintype="passive"/>
      <node ref="R2" pin="2" pintype="passive"/>
      <node ref="SW1" pin="2" pinfunction="2" pintype="passive"/>
      <node ref="U1" pin="29" pinfunction="~{RESET}/PC6" pintype="bidirectional"/>
    </net>
    <net code="30" name="/ATMega/~{DTR}" class="Default">
      <node ref="C7" pin="1" pintype="passive"/>
      <node ref="U2" pin="13" pinfunction="~{DTR}" pintype="output"/>
    </net>
    <net code="31" name="/Analogue Switch/CANBOB_CLK" class="Default">
      <node ref="TP15" pin="1" pinfunction="1" pintype="passive"/>
      <node ref="U5" pin="4" pinfunction="D1" pintype="bidirectional"/>
      <node ref="U6" pin="13" pinfunction="SCK" pintype="input"/>
    </net>
    <net code="32" name="/Analogue Switch/CANBOB_INT" class="Default">
      <node ref="TP10" pin="1" pinfunction="1" pintype="passive"/>
      <node ref="U4" pin="4" pinfunction="D1" pintype="bidirectional"/>
      <node ref="U6" pin="12" pinfunction="~{INT}" pintype="output"/>
    </net>
    <net code="33" name="/Analogue Switch/CANBOB_MISO" class="Default">
      <node ref="TP12" pin="1" pinfunction="1" pintype="passive"/>
      <node ref="U4" pin="9" pinfunction="D3" pintype="bidirectional"/>
      <node ref="U6" pin="15" pinfunction="SO" pintype="output"/>
    </net>
    <net code="34" name="/Analogue Switch/CANBOB_MOSI" class="Default">
      <node ref="TP13" pin="1" pinfunction="1" pintype="passive"/>
      <node ref="U4" pin="12" pinfunction="D4" pintype="bidirectional"/>
      <node ref="U6" pin="14" pinfunction="SI" pintype="input"/>
    </net>
    <net code="35" name="/Analogue Switch/CANBOB_~{CS}" class="Default">
      <node ref="TP11" pin="1" pinfunction="1" pintype="passive"/>
      <node ref="U4" pin="7" pinfunction="D2" pintype="bidirectional"/>
      <node ref="U6" pin="16" pinfunction="~{CS}" pintype="input"/>
    </net>
    <net code="36" name="/Analogue Switch/EXT_MCU_CLK" class="Default">
      <node ref="J8" pin="1" pinfunction="Pin_1" pintype="passive"/>
      <node ref="TP26" pin="1" pinfunction="1" pintype="passive"/>
      <node ref="U5" pin="2" pinfunction="S1A" pintype="bidirectional"/>
    </net>
    <net code="37" name="/Analogue Switch/EXT_MCU_INT" class="Default">
      <node ref="J8" pin="5" pinfunction="Pin_5" pintype="passive"/>
      <node ref="TP22" pin="1" pinfunction="1" pintype="passive"/>
      <node ref="U4" pin="2" pinfunction="S1A" pintype="bidirectional"/>
    </net>
    <net code="38" name="/Analogue Switch/EXT_MCU_MISO" class="Default">
      <node ref="J8" pin="3" pinfunction="Pin_3" pintype="passive"/>
      <node ref="TP24" pin="1" pinfunction="1" pintype="passive"/>
      <node ref="U4" pin="11" pinfunction="S3A" pintype="bidirectional"/>
    </net>
    <net code="39" name="/Analogue Switch/EXT_MCU_MOSI" class="Default">
      <node ref="J8" pin="2" pinfunction="Pin_2" pintype="passive"/>
      <node ref="TP25" pin="1" pinfunction="1" pintype="passive"/>
      <node ref="U4" pin="14" pinfunction="S4A" pintype="bidirectional"/>
    </net>
    <net code="40" name="/Analogue Switch/EXT_MCU_~{CS}" class="Default">
      <node ref="J8" pin="4" pinfunction="Pin_4" pintype="passive"/>
      <node ref="TP23" pin="1" pinfunction="1" pintype="passive"/>
      <node ref="U4" pin="5" pinfunction="S2A" pintype="bidirectional"/>
    </net>
    <net code="41" name="/Analogue Switch/SW_SEL" class="Default">
      <node ref="R9" pin="2" pintype="passive"/>
      <node ref="U4" pin="1" pinfunction="SEL" pintype="input"/>
      <node ref="U5" pin="1" pinfunction="SEL" pintype="input"/>
    </net>
    <net code="44" name="/MCP2515/CLKOUT" class="Default">
      <node ref="J7" pin="12" pinfunction="Pin_12" pintype="passive"/>
      <node ref="U6" pin="3" pinfunction="CLKOUT/SOF" pintype="output"/>
    </net>
    <net code="45" name="/MCP2515/RX0BUF" class="Default">
      <node ref="J7" pin="8" pinfunction="Pin_8" pintype="passive"/>
      <node ref="U6" pin="11" pinfunction="~{RX0BF}" pintype="output"/>
    </net>
    <net code="46" name="/MCP2515/RX1BUF" class="Default">
      <node ref="J7" pin="7" pinfunction="Pin_7" pintype="passive"/>
      <node ref="U6" pin="10" pinfunction="~{RX1BF}" pintype="output"/>
    </net>
    <net code="47" name="/MCP2515/TX0RTS" class="Default">
      <node ref="J7" pin="9" pinfunction="Pin_9" pintype="passive"/>
      <node ref="U6" pin="4" pinfunction="~{TX0RTS}" pintype="input"/>
    </net>
    <net code="48" name="/MCP2515/TX1RTS" class="Default">
      <node ref="J7" pin="10" pinfunction="Pin_10" pintype="passive"/>
      <node ref="U6" pin="5" pinfunction="~{TX1RTS}" pintype="input"/>
    </net>
    <net code="49" name="/MCP2515/TX2RTS" class="Default">
      <node ref="J7" pin="11" pinfunction="Pin_11" pintype="passive"/>
      <node ref="U6" pin="6" pinfunction="~{TX2RTS}" pintype="input"/>
    </net>
    <net code="51" name="/MCU_5V" class="Default">
      <node ref="J8" pin="6" pinfunction="Pin_6" pintype="passive"/>
      <node ref="SW2" pin="1" pinfunction="A" pintype="passive"/>
      <node ref="TP9" pin="1" pinfunction="1" pintype="passive"/>
    </net>
    <net code="52" name="/SEL" class="Default">
      <node ref="R9" pin="1" pintype="passive"/>
      <node ref="SW2" pin="5" pinfunction="B" pintype="passive"/>
      <node ref="TP14" pin="1" pinfunction="1" pintype="passive"/>
    </net>
    <net code="53" name="/USB Connectors/D+" class="USB_DATA,Default">
      <node ref="J2" pin="A6" pinfunction="D+" pintype="bidirectional"/>
      <node ref="J2" pin="B6" pinfunction="D+" pintype="bidirectional"/>
      <node ref="J3" pin="3" pinfunction="D+" pintype="bidirectional"/>
      <node ref="TP3" pin="1" pinfunction="1" pintype="passive"/>
      <node ref="U2" pin="5" pinfunction="UD+" pintype="bidirectional"/>
      <node ref="U8" pin="3" pintype="passive"/>
    </net>
    <net code="54" name="/USB Connectors/D-" class="USB_DATA,Default">
      <node ref="J2" pin="A7" pinfunction="D-" pintype="bidirectional"/>
      <node ref="J2" pin="B7" pinfunction="D-" pintype="bidirectional"/>
      <node ref="J3" pin="2" pinfunction="D-" pintype="bidirectional"/>
      <node ref="TP4" pin="1" pinfunction="1" pintype="passive"/>
      <node ref="U2" pin="6" pinfunction="UD-" pintype="bidirectional"/>
      <node ref="U8" pin="2" pinfunction="NC" pintype="passive"/>
      <node ref="U8" pin="5" pintype="passive"/>
    </net>
    <net code="55" name="/USB_5V" class="Default">
      <node ref="F1" pin="2" pintype="passive"/>
      <node ref="J4" pin="1" pinfunction="Pin_1" pintype="passive"/>
      <node ref="J4" pin="2" pinfunction="Pin_2" pintype="passive"/>
      <node ref="JP1" pin="2" pinfunction="B" pintype="passive"/>
      <node ref="SW2" pin="3" pinfunction="C" pintype="passive"/>
      <node ref="TP21" pin="1" pinfunction="1" pintype="passive"/>
    </net>
    <net code="56" name="GND" class="Default">
      <node ref="C1" pin="2" pintype="passive"/>
      <node ref="C10" pin="2" pintype="passive"/>
      <node ref="C11" pin="2" pintype="passive"/>
      <node ref="C12" pin="2" pintype="passive"/>
      <node ref="C13" pin="2" pintype="passive"/>
      <node ref="C14" pin="2" pintype="passive"/>
      <node ref="C15" pin="2" pintype="passive"/>
      <node ref="C16" pin="2" pintype="passive"/>
      <node ref="C17" pin="2" pintype="passive"/>
      <node ref="C18" pin="2" pintype="passive"/>
      <node ref="C19" pin="1" pintype="passive"/>
      <node ref="C2" pin="2" pintype="passive"/>
      <node ref="C20" pin="2" pintype="passive"/>
      <node ref="C3" pin="2" pintype="passive"/>
      <node ref="C4" pin="2" pintype="passive"/>
      <node ref="C5" pin="2" pintype="passive"/>
      <node ref="C6" pin="2" pintype="passive"/>
      <node ref="C8" pin="2" pintype="passive"/>
      <node ref="C9" pin="2" pintype="passive"/>
      <node ref="D1" pin="1" pinfunction="K" pintype="passive"/>
      <node ref="D2" pin="1" pinfunction="K" pintype="passive"/>
      <node ref="D3" pin="1" pinfunction="K" pintype="passive"/>
      <node ref="D4" pin="2" pinfunction="K" pintype="passive"/>
      <node ref="J1" pin="1" pinfunction="Pin_1" pintype="passive"/>
      <node ref="J1" pin="3" pinfunction="Pin_3" pintype="passive"/>
      <node ref="J1" pin="5" pinfunction="Pin_5" pintype="passive"/>
      <node ref="J1" pin="7" pinfunction="Pin_7" pintype="passive"/>
      <node ref="J2" pin="A1" pinfunction="GND" pintype="passive"/>
      <node ref="J2" pin="A12" pinfunction="GND" pintype="passive"/>
      <node ref="J2" pin="B1" pinfunction="GND" pintype="passive"/>
      <node ref="J2" pin="B12" pinfunction="GND" pintype="passive"/>
      <node ref="J2" pin="S1" pinfunction="SHIELD" pintype="passive"/>
      <node ref="J3" pin="5" pinfunction="GND" pintype="power_out"/>
      <node ref="J3" pin="6" pinfunction="Shield" pintype="passive"/>
      <node ref="J5" pin="1" pinfunction="Pin_1" pintype="passive"/>
      <node ref="J5" pin="2" pinfunction="Pin_2" pintype="passive"/>
      <node ref="J6" pin="1" pinfunction="Pin_1" pintype="passive"/>
      <node ref="J6" pin="2" pinfunction="Pin_2" pintype="passive"/>
      <node ref="J7" pin="19" pinfunction="Pin_19" pintype="passive"/>
      <node ref="J7" pin="20" pinfunction="Pin_20" pintype="passive"/>
      <node ref="J8" pin="7" pinfunction="Pin_7" pintype="passive"/>
      <node ref="J8" pin="8" pinfunction="Pin_8" pintype="passive"/>
      <node ref="R12" pin="2" pintype="passive"/>
      <node ref="R13" pin="2" pintype="passive"/>
      <node ref="R14" pin="2" pintype="passive"/>
      <node ref="R7" pin="2" pintype="passive"/>
      <node ref="R8" pin="2" pintype="passive"/>
      <node ref="SW1" pin="1" pinfunction="1" pintype="passive"/>
      <node ref="SW2" pin="6" pinfunction="C" pintype="passive"/>
      <node ref="U1" pin="21" pinfunction="GND" pintype="passive"/>
      <node ref="U1" pin="5" pinfunction="GND" pintype="power_in"/>
      <node ref="U2" pin="1" pinfunction="GND" pintype="power_in"/>
      <node ref="U2" pin="9" pinfunction="~{CTS}" pintype="input"/>
      <node ref="U3" pin="1" pinfunction="GND" pintype="power_in"/>
      <node ref="U4" pin="8" pinfunction="GND" pintype="power_in"/>
      <node ref="U5" pin="8" pinfunction="GND" pintype="power_in"/>
      <node ref="U6" pin="9" pinfunction="VSS" pintype="power_in"/>
      <node ref="U7" pin="2" pinfunction="GND" pintype="power_in"/>
      <node ref="U8" pin="4" pintype="passive"/>
    </net>
    <net code="57" name="Net-(D1-A)" class="Default">
      <node ref="D1" pin="2" pinfunction="A" pintype="passive"/>
      <node ref="R1" pin="2" pintype="passive"/>
    </net>
    <net code="58" name="Net-(D2-A)" class="Default">
      <node ref="D2" pin="2" pinfunction="A" pintype="passive"/>
      <node ref="R5" pin="1" pintype="passive"/>
    </net>
    <net code="59" name="Net-(D3-A)" class="Default">
      <node ref="D3" pin="2" pinfunction="A" pintype="passive"/>
      <node ref="R6" pin="1" pintype="passive"/>
    </net>
    <net code="60" name="Net-(J2-CC1)" class="Default">
      <node ref="J2" pin="A5" pinfunction="CC1" pintype="bidirectional"/>
      <node ref="R8" pin="1" pintype="passive"/>
    </net>
    <net code="61" name="Net-(J2-CC2)" class="Default">
      <node ref="J2" pin="B5" pinfunction="CC2" pintype="bidirectional"/>
      <node ref="R7" pin="1" pintype="passive"/>
    </net>
    <net code="62" name="Net-(J3-VBUS)" class="Default">
      <node ref="D4" pin="1" pinfunction="K" pintype="passive"/>
      <node ref="F1" pin="1" pintype="passive"/>
      <node ref="J2" pin="A4" pinfunction="VBUS" pintype="passive"/>
      <node ref="J2" pin="A9" pinfunction="VBUS" pintype="passive"/>
      <node ref="J2" pin="B4" pinfunction="VBUS" pintype="passive"/>
      <node ref="J2" pin="B9" pinfunction="VBUS" pintype="passive"/>
      <node ref="J3" pin="1" pinfunction="VBUS" pintype="power_out"/>
    </net>
    <net code="63" name="Net-(U1-AREF)" class="Default">
      <node ref="C5" pin="1" pintype="passive"/>
      <node ref="U1" pin="20" pinfunction="AREF" pintype="passive"/>
    </net>
    <net code="64" name="Net-(U1-PD3)" class="Default">
      <node ref="R1" pin="1" pintype="passive"/>
      <node ref="U1" pin="1" pinfunction="PD3" pintype="bidirectional"/>
    </net>
    <net code="65" name="Net-(U2-XI)" class="Default">
      <node ref="C8" pin="1" pintype="passive"/>
      <node ref="U2" pin="7" pinfunction="XI" pintype="input"/>
      <node ref="Y2" pin="1" pinfunction="1" pintype="passive"/>
    </net>
    <net code="66" name="Net-(U2-XO)" class="Default">
      <node ref="C9" pin="1" pintype="passive"/>
      <node ref="U2" pin="8" pinfunction="XO" pintype="output"/>
      <node ref="Y2" pin="2" pinfunction="2" pintype="passive"/>
    </net>
    <net code="67" name="Net-(U4-~{EN})" class="Default">
      <node ref="R13" pin="1" pintype="passive"/>
      <node ref="U4" pin="15" pinfunction="~{EN}" pintype="input"/>
    </net>
    <net code="68" name="Net-(U5-~{EN})" class="Default">
      <node ref="R14" pin="1" pintype="passive"/>
      <node ref="U5" pin="15" pinfunction="~{EN}" pintype="input"/>
    </net>
    <net code="69" name="Net-(U6-OSC1)" class="Default">
      <node ref="C16" pin="1" pintype="passive"/>
      <node ref="U6" pin="8" pinfunction="OSC1" pintype="input"/>
      <node ref="Y3" pin="2" pinfunction="2" pintype="passive"/>
    </net>
    <net code="70" name="Net-(U6-OSC2)" class="Default">
      <node ref="C15" pin="1" pintype="passive"/>
      <node ref="U6" pin="7" pinfunction="OSC2" pintype="output"/>
      <node ref="Y3" pin="1" pinfunction="1" pintype="passive"/>
    </net>
    <net code="71" name="Net-(U6-~{RESET})" class="Default">
      <node ref="R10" pin="1" pintype="passive"/>
      <node ref="TP16" pin="1" pinfunction="1" pintype="passive"/>
      <node ref="U6" pin="17" pinfunction="~{RESET}" pintype="input"/>
    </net>
    <net code="72" name="Net-(U7-STBY)" class="Default">
      <node ref="R12" pin="1" pintype="passive"/>
      <node ref="U7" pin="8" pinfunction="STBY" pintype="input"/>
    </net>
    <net code="73" name="unconnected-(D4-A-Pad3)" class="Default">
      <node ref="D4" pin="3" pinfunction="A" pintype="passive+no_connect"/>
    </net>
    <net code="74" name="unconnected-(J1-Pin_8-Pad8)" class="Default">
      <node ref="J1" pin="8" pinfunction="Pin_8" pintype="passive+no_connect"/>
    </net>
    <net code="75" name="unconnected-(J3-ID-Pad4)" class="Default">
      <node ref="J3" pin="4" pinfunction="ID" pintype="passive+no_connect"/>
    </net>
    <net code="76" name="unconnected-(U1-PB0-Pad12)" class="Default">
      <node ref="U1" pin="12" pinfunction="PB0" pintype="bidirectional+no_connect"/>
    </net>
    <net code="77" name="unconnected-(U1-PB1-Pad13)" class="Default">
      <node ref="U1" pin="13" pinfunction="PB1" pintype="bidirectional+no_connect"/>
    </net>
    <net code="78" name="unconnected-(U1-PD4-Pad2)" class="Default">
      <node ref="U1" pin="2" pinfunction="PD4" pintype="bidirectional+no_connect"/>
    </net>
    <net code="79" name="unconnected-(U1-PD5-Pad9)" class="Default">
      <node ref="U1" pin="9" pinfunction="PD5" pintype="bidirectional+no_connect"/>
    </net>
    <net code="80" name="unconnected-(U1-PD6-Pad10)" class="Default">
      <node ref="U1" pin="10" pinfunction="PD6" pintype="bidirectional+no_connect"/>
    </net>
    <net code="81" name="unconnected-(U1-PD7-Pad11)" class="Default">
      <node ref="U1" pin="11" pinfunction="PD7" pintype="bidirectional+no_connect"/>
    </net>
    <net code="82" name="unconnected-(U1-PE0-Pad3)" class="Default">
      <node ref="U1" pin="3" pinfunction="PE0" pintype="bidirectional+no_connect"/>
    </net>
    <net code="83" name="unconnected-(U1-PE1-Pad6)" class="Default">
      <node ref="U1" pin="6" pinfunction="PE1" pintype="bidirectional+no_connect"/>
    </net>
    <net code="84" name="unconnected-(U1-PE2-Pad19)" class="Default">
      <node ref="U1" pin="19" pinfunction="PE2" pintype="bidirectional+no_connect"/>
    </net>
    <net code="85" name="unconnected-(U1-PE3-Pad22)" class="Default">
      <node ref="U1" pin="22" pinfunction="PE3" pintype="bidirectional+no_connect"/>
    </net>
    <net code="86" name="unconnected-(U2-R232-Pad15)" class="Default">
      <node ref="U2" pin="15" pinfunction="R232" pintype="input+no_connect"/>
    </net>
    <net code="87" name="unconnected-(U2-~{DCD}-Pad12)" class="Default">
      <node ref="U2" pin="12" pinfunction="~{DCD}" pintype="input+no_connect"/>
    </net>
    <net code="88" name="unconnected-(U2-~{DSR}-Pad10)" class="Default">
      <node ref="U2" pin="10" pinfunction="~{DSR}" pintype="input+no_connect"/>
    </net>
    <net code="89" name="unconnected-(U2-~{RI}-Pad11)" class="Default">
      <node ref="U2" pin="11" pinfunction="~{RI}" pintype="input+no_connect"/>
    </net>
    <net code="90" name="unconnected-(U2-~{RTS}-Pad14)" class="Default">
      <node ref="U2" pin="14" pinfunction="~{RTS}" pintype="output+no_connect"/>
    </net>
    <net code="91" name="unconnected-(U5-D2-Pad7)" class="Default">
      <node ref="U5" pin="7" pinfunction="D2" pintype="bidirectional+no_connect"/>
    </net>
    <net code="92" name="unconnected-(U5-D3-Pad9)" class="Default">
      <node ref="U5" pin="9" pinfunction="D3" pintype="bidirectional+no_connect"/>
    </net>
    <net code="93" name="unconnected-(U5-D4-Pad12)" class="Default">
      <node ref="U5" pin="12" pinfunction="D4" pintype="bidirectional+no_connect"/>
    </net>
    <net code="94" name="unconnected-(U5-S2A-Pad5)" class="Default">
      <node ref="U5" pin="5" pinfunction="S2A" pintype="bidirectional+no_connect"/>
    </net>
    <net code="95" name="unconnected-(U5-S2B-Pad6)" class="Default">
      <node ref="U5" pin="6" pinfunction="S2B" pintype="bidirectional+no_connect"/>
    </net>
    <net code="96" name="unconnected-(U5-S3A-Pad11)" class="Default">
      <node ref="U5" pin="11" pinfunction="S3A" pintype="bidirectional+no_connect"/>
    </net>
    <net code="97" name="unconnected-(U5-S3B-Pad10)" class="Default">
      <node ref="U5" pin="10" pinfunction="S3B" pintype="bidirectional+no_connect"/>
    </net>
    <net code="98" name="unconnected-(U5-S4A-Pad14)" class="Default">
      <node ref="U5" pin="14" pinfunction="S4A" pintype="bidirectional+no_connect"/>
    </net>
    <net code="99" name="unconnected-(U5-S4B-Pad13)" class="Default">
      <node ref="U5" pin="13" pinfunction="S4B" pintype="bidirectional+no_connect"/>
    </net>
    <net code="100" name="unconnected-(U8-NC-Pad1)" class="Default">
      <node ref="U8" pin="1" pinfunction="NC" pintype="passive+no_connect"/>
    </net>
  </nets>
</export>
